#! /home/brandon/oss-cad-suite/bin/vvp
:ivl_version "12.0 (devel)" "(s20150603-1148-gef01dd1e-dirty)";
:ivl_delay_selection "TYPICAL";
:vpi_time_precision + 0;
:vpi_module "/home/brandon/oss-cad-suite/lib/ivl/system.vpi";
:vpi_module "/home/brandon/oss-cad-suite/lib/ivl/vhdl_sys.vpi";
:vpi_module "/home/brandon/oss-cad-suite/lib/ivl/vhdl_textio.vpi";
:vpi_module "/home/brandon/oss-cad-suite/lib/ivl/v2005_math.vpi";
:vpi_module "/home/brandon/oss-cad-suite/lib/ivl/va_math.vpi";
S_0x5555569f73e0 .scope module, "tb_processor" "tb_processor" 2 3;
 .timescale 0 0;
P_0x555556985390 .param/l "CLK_PERIOD" 1 2 13, +C4<00000000000000000000000000001010>;
v0x555556a89ee0_0 .var "clk", 0 0;
v0x555556a89fa0_0 .var "reset_n", 0 0;
S_0x55555696dab0 .scope module, "dut" "top" 2 8, 3 1 0, S_0x5555569f73e0;
 .timescale 0 0;
    .port_info 0 /INPUT 1 "clk";
    .port_info 1 /INPUT 1 "reset_n";
    .port_info 2 /OUTPUT 5 "leds";
    .port_info 3 /OUTPUT 1 "uart_tx";
P_0x555556a239f0 .param/str "MEM_FILE" 0 3 8, "firmware.hex";
L_0x555556a48b90 .functor AND 1, L_0x555556ab5970, L_0x555556ab10b0, C4<1>, C4<1>;
L_0x5555569e57e0 .functor AND 4, L_0x555556a8a230, L_0x555556ab0d40, C4<1111>, C4<1111>;
L_0x555556ab2ad0 .functor AND 1, L_0x555556ab5a30, L_0x555556ab29f0, C4<1>, C4<1>;
L_0x555556ab2eb0 .functor AND 1, L_0x555556ab5a30, L_0x555556ab10b0, C4<1>, C4<1>;
L_0x555556ab5090 .functor AND 1, L_0x555556ab5b30, L_0x555556ab4e70, C4<1>, C4<1>;
L_0x555556ab5020 .functor AND 1, L_0x555556ab5b30, L_0x555556ab10b0, C4<1>, C4<1>;
L_0x7fa5a44c8d50 .functor BUFT 1, C4<0000>, C4<0>, C4<0>, C4<0>;
v0x555556a88850_0 .net/2u *"_ivl_14", 3 0, L_0x7fa5a44c8d50;  1 drivers
v0x555556a88950_0 .net *"_ivl_17", 27 0, L_0x555556ab2790;  1 drivers
v0x555556a88a30_0 .net *"_ivl_2", 3 0, L_0x555556a8a230;  1 drivers
v0x555556a88b20_0 .net *"_ivl_21", 0 0, L_0x555556ab29f0;  1 drivers
L_0x7fa5a44c8d98 .functor BUFT 1, C4<0000>, C4<0>, C4<0>, C4<0>;
v0x555556a88be0_0 .net/2u *"_ivl_24", 3 0, L_0x7fa5a44c8d98;  1 drivers
v0x555556a88cc0_0 .net *"_ivl_27", 27 0, L_0x555556ab2c30;  1 drivers
L_0x7fa5a44c9188 .functor BUFT 1, C4<0000>, C4<0>, C4<0>, C4<0>;
v0x555556a88da0_0 .net/2u *"_ivl_34", 3 0, L_0x7fa5a44c9188;  1 drivers
v0x555556a88e80_0 .net *"_ivl_37", 27 0, L_0x555556ab4bc0;  1 drivers
v0x555556a88f60_0 .net *"_ivl_41", 0 0, L_0x555556ab4e70;  1 drivers
L_0x7fa5a44c91d0 .functor BUFT 1, C4<0000>, C4<0>, C4<0>, C4<0>;
v0x555556a89020_0 .net/2u *"_ivl_44", 3 0, L_0x7fa5a44c91d0;  1 drivers
v0x555556a89100_0 .net *"_ivl_47", 27 0, L_0x555556ab51a0;  1 drivers
v0x555556a891e0_0 .net "clk", 0 0, v0x555556a89ee0_0;  1 drivers
v0x555556a89280_0 .net "csr_gpio_0_data_out", 31 0, L_0x555556ab2500;  1 drivers
v0x555556a89340_0 .net "leds", 4 0, L_0x555556ab2090;  1 drivers
v0x555556a89400_0 .net "mem_addr", 31 0, L_0x555556aa8730;  1 drivers
v0x555556a894c0_0 .net "mem_rdata", 31 0, v0x555556a495c0_0;  1 drivers
v0x555556a895b0_0 .net "mem_rstrb", 0 0, L_0x555556ab10b0;  1 drivers
v0x555556a89790_0 .net "mem_wdata", 31 0, L_0x555556aaecc0;  1 drivers
v0x555556a89830_0 .net "mem_wstrb", 3 0, L_0x555556ab0d40;  1 drivers
v0x555556a898d0_0 .var "processor_rdata", 31 0;
v0x555556a899c0_0 .net "rdata_gpio", 31 0, L_0x555556ab25c0;  1 drivers
v0x555556a89a90_0 .net "rdata_uart", 31 0, L_0x555556ab4340;  1 drivers
v0x555556a89b30_0 .net "reset_n", 0 0, v0x555556a89fa0_0;  1 drivers
v0x555556a89bd0_0 .net "s0_sel_mem", 0 0, L_0x555556ab5970;  1 drivers
v0x555556a89ca0_0 .net "s1_sel_gpio", 0 0, L_0x555556ab5a30;  1 drivers
v0x555556a89d70_0 .net "s2_sel_uart", 0 0, L_0x555556ab5b30;  1 drivers
v0x555556a89e40_0 .net "uart_tx", 0 0, L_0x555556ab4980;  1 drivers
E_0x555556985cb0/0 .event anyedge, v0x555556a71650_0, v0x555556a71590_0, v0x555556a714d0_0, v0x555556a495c0_0;
E_0x555556985cb0/1 .event anyedge, v0x555556a72610_0, v0x555556a86150_0;
E_0x555556985cb0 .event/or E_0x555556985cb0/0, E_0x555556985cb0/1;
L_0x555556a8a230 .concat [ 1 1 1 1], L_0x555556ab5970, L_0x555556ab5970, L_0x555556ab5970, L_0x555556ab5970;
L_0x555556ab2090 .part L_0x555556ab2500, 0, 5;
L_0x555556ab26f0 .reduce/nor v0x555556a89fa0_0;
L_0x555556ab2790 .part L_0x555556aa8730, 0, 28;
L_0x555556ab2860 .concat [ 28 4 0 0], L_0x555556ab2790, L_0x7fa5a44c8d50;
L_0x555556ab29f0 .reduce/or L_0x555556ab0d40;
L_0x555556ab2c30 .part L_0x555556aa8730, 0, 28;
L_0x555556ab2cd0 .concat [ 28 4 0 0], L_0x555556ab2c30, L_0x7fa5a44c8d98;
L_0x555556ab4a90 .reduce/nor v0x555556a89fa0_0;
L_0x555556ab4bc0 .part L_0x555556aa8730, 0, 28;
L_0x555556ab4dd0 .concat [ 28 4 0 0], L_0x555556ab4bc0, L_0x7fa5a44c9188;
L_0x555556ab4e70 .reduce/or L_0x555556ab0d40;
L_0x555556ab51a0 .part L_0x555556aa8730, 0, 28;
L_0x555556ab5240 .concat [ 28 4 0 0], L_0x555556ab51a0, L_0x7fa5a44c91d0;
S_0x555556a53190 .scope module, "D_mem_unit" "Memory" 3 36, 4 1 0, S_0x55555696dab0;
 .timescale 0 0;
    .port_info 0 /INPUT 1 "clk";
    .port_info 1 /INPUT 32 "mem_addr";
    .port_info 2 /OUTPUT 32 "mem_rdata";
    .port_info 3 /INPUT 1 "mem_rstrb";
    .port_info 4 /INPUT 32 "mem_wdata";
    .port_info 5 /INPUT 4 "mem_wmask";
P_0x555556a61bf0 .param/str "MEM_FILE" 0 4 1, "firmware.hex";
P_0x555556a61c30 .param/l "SIZE" 0 4 2, +C4<00000000000000000000010000000000>;
v0x555556a426b0 .array "MEM", 1023 0, 31 0;
v0x555556a46670_0 .net "clk", 0 0, v0x555556a89ee0_0;  alias, 1 drivers
v0x555556a482a0_0 .var/i "i", 31 0;
v0x555556a48cb0_0 .net "mem_addr", 31 0, L_0x555556aa8730;  alias, 1 drivers
v0x555556a495c0_0 .var "mem_rdata", 31 0;
v0x55555696eeb0_0 .net "mem_rstrb", 0 0, L_0x555556a48b90;  1 drivers
v0x555556a709c0_0 .net "mem_wdata", 31 0, L_0x555556aaecc0;  alias, 1 drivers
v0x555556a70aa0_0 .net "mem_wmask", 3 0, L_0x5555569e57e0;  1 drivers
v0x555556a70b80_0 .net "word_addr", 29 0, L_0x555556a8a0b0;  1 drivers
E_0x5555569f6a90 .event posedge, v0x555556a46670_0;
L_0x555556a8a0b0 .part L_0x555556aa8730, 2, 30;
S_0x555556a45480 .scope module, "dv_sel" "device_select" 3 98, 5 1 0, S_0x55555696dab0;
 .timescale 0 0;
    .port_info 0 /INPUT 32 "addr";
    .port_info 1 /OUTPUT 1 "s0_sel_mem";
    .port_info 2 /OUTPUT 1 "s1_sel_gpio";
    .port_info 3 /OUTPUT 1 "s2_sel_uart";
L_0x555556ab5970 .functor BUFZ 1, L_0x555556ab5450, C4<0>, C4<0>, C4<0>;
L_0x555556ab5a30 .functor BUFZ 1, L_0x555556ab55e0, C4<0>, C4<0>, C4<0>;
L_0x555556ab5b30 .functor BUFZ 1, L_0x555556ab57f0, C4<0>, C4<0>, C4<0>;
v0x555556a70d40_0 .net *"_ivl_1", 3 0, L_0x555556ab53b0;  1 drivers
v0x555556a70e20_0 .net *"_ivl_13", 3 0, L_0x555556ab5750;  1 drivers
L_0x7fa5a44c92a8 .functor BUFT 1, C4<0101>, C4<0>, C4<0>, C4<0>;
v0x555556a70f00_0 .net/2u *"_ivl_14", 3 0, L_0x7fa5a44c92a8;  1 drivers
L_0x7fa5a44c9218 .functor BUFT 1, C4<0000>, C4<0>, C4<0>, C4<0>;
v0x555556a70fc0_0 .net/2u *"_ivl_2", 3 0, L_0x7fa5a44c9218;  1 drivers
v0x555556a710a0_0 .net *"_ivl_7", 3 0, L_0x555556ab5540;  1 drivers
L_0x7fa5a44c9260 .functor BUFT 1, C4<0100>, C4<0>, C4<0>, C4<0>;
v0x555556a711d0_0 .net/2u *"_ivl_8", 3 0, L_0x7fa5a44c9260;  1 drivers
v0x555556a712b0_0 .net "addr", 31 0, L_0x555556aa8730;  alias, 1 drivers
v0x555556a71370_0 .net "gpio_space", 0 0, L_0x555556ab55e0;  1 drivers
v0x555556a71410_0 .net "mem_space", 0 0, L_0x555556ab5450;  1 drivers
v0x555556a714d0_0 .net "s0_sel_mem", 0 0, L_0x555556ab5970;  alias, 1 drivers
v0x555556a71590_0 .net "s1_sel_gpio", 0 0, L_0x555556ab5a30;  alias, 1 drivers
v0x555556a71650_0 .net "s2_sel_uart", 0 0, L_0x555556ab5b30;  alias, 1 drivers
v0x555556a71710_0 .net "uart_space", 0 0, L_0x555556ab57f0;  1 drivers
L_0x555556ab53b0 .part L_0x555556aa8730, 28, 4;
L_0x555556ab5450 .cmp/eq 4, L_0x555556ab53b0, L_0x7fa5a44c9218;
L_0x555556ab5540 .part L_0x555556aa8730, 28, 4;
L_0x555556ab55e0 .cmp/eq 4, L_0x555556ab5540, L_0x7fa5a44c9260;
L_0x555556ab5750 .part L_0x555556aa8730, 28, 4;
L_0x555556ab57f0 .cmp/eq 4, L_0x555556ab5750, L_0x7fa5a44c92a8;
S_0x555556a45b70 .scope module, "gpio_unit" "gpio_ip" 3 61, 6 3 0, S_0x55555696dab0;
 .timescale 0 0;
    .port_info 0 /INPUT 1 "clk";
    .port_info 1 /INPUT 1 "rst";
    .port_info 2 /OUTPUT 32 "csr_gpio_0_data_out";
    .port_info 3 /INPUT 32 "waddr";
    .port_info 4 /INPUT 32 "wdata";
    .port_info 5 /INPUT 1 "wen";
    .port_info 6 /INPUT 4 "wstrb";
    .port_info 7 /OUTPUT 1 "wready";
    .port_info 8 /INPUT 32 "raddr";
    .port_info 9 /INPUT 1 "ren";
    .port_info 10 /OUTPUT 32 "rdata";
    .port_info 11 /OUTPUT 1 "rvalid";
P_0x555556a71850 .param/l "ADDR_W" 0 6 4, +C4<00000000000000000000000000100000>;
P_0x555556a71890 .param/l "DATA_W" 0 6 5, +C4<00000000000000000000000000100000>;
P_0x555556a718d0 .param/l "STRB_W" 0 6 6, +C4<00000000000000000000000000000100>;
L_0x555556ab2220 .functor AND 1, L_0x555556ab2ad0, L_0x555556ab2130, C4<1>, C4<1>;
L_0x555556ab23d0 .functor AND 1, L_0x555556ab2eb0, L_0x555556ab22e0, C4<1>, C4<1>;
L_0x555556ab2490 .functor BUFZ 32, v0x555556a72070_0, C4<00000000000000000000000000000000>, C4<00000000000000000000000000000000>, C4<00000000000000000000000000000000>;
L_0x555556ab2500 .functor BUFZ 32, v0x555556a72070_0, C4<00000000000000000000000000000000>, C4<00000000000000000000000000000000>, C4<00000000000000000000000000000000>;
L_0x555556ab25c0 .functor BUFZ 32, v0x555556a726f0_0, C4<00000000000000000000000000000000>, C4<00000000000000000000000000000000>, C4<00000000000000000000000000000000>;
L_0x555556ab2680 .functor BUFZ 1, v0x555556a72a10_0, C4<0>, C4<0>, C4<0>;
L_0x7fa5a44c8c78 .functor BUFT 1, C4<00000000000000000000000000000000>, C4<0>, C4<0>, C4<0>;
v0x555556a71c30_0 .net/2u *"_ivl_0", 31 0, L_0x7fa5a44c8c78;  1 drivers
v0x555556a71d10_0 .net *"_ivl_2", 0 0, L_0x555556ab2130;  1 drivers
L_0x7fa5a44c8cc0 .functor BUFT 1, C4<00000000000000000000000000000000>, C4<0>, C4<0>, C4<0>;
v0x555556a71dd0_0 .net/2u *"_ivl_6", 31 0, L_0x7fa5a44c8cc0;  1 drivers
v0x555556a71ec0_0 .net *"_ivl_8", 0 0, L_0x555556ab22e0;  1 drivers
v0x555556a71f80_0 .net "clk", 0 0, v0x555556a89ee0_0;  alias, 1 drivers
v0x555556a72070_0 .var "csr_gpio_0_data_ff", 31 0;
v0x555556a72130_0 .net "csr_gpio_0_data_out", 31 0, L_0x555556ab2500;  alias, 1 drivers
v0x555556a72210_0 .net "csr_gpio_0_rdata", 31 0, L_0x555556ab2490;  1 drivers
v0x555556a722f0_0 .net "csr_gpio_0_ren", 0 0, L_0x555556ab23d0;  1 drivers
v0x555556a723b0_0 .var "csr_gpio_0_ren_ff", 0 0;
v0x555556a72470_0 .net "csr_gpio_0_wen", 0 0, L_0x555556ab2220;  1 drivers
v0x555556a72530_0 .net "raddr", 31 0, L_0x555556ab2cd0;  1 drivers
v0x555556a72610_0 .net "rdata", 31 0, L_0x555556ab25c0;  alias, 1 drivers
v0x555556a726f0_0 .var "rdata_ff", 31 0;
v0x555556a727d0_0 .net "ren", 0 0, L_0x555556ab2eb0;  1 drivers
v0x555556a72890_0 .net "rst", 0 0, L_0x555556ab26f0;  1 drivers
v0x555556a72950_0 .net "rvalid", 0 0, L_0x555556ab2680;  1 drivers
v0x555556a72a10_0 .var "rvalid_ff", 0 0;
v0x555556a72ad0_0 .net "waddr", 31 0, L_0x555556ab2860;  1 drivers
v0x555556a72bb0_0 .net "wdata", 31 0, L_0x555556aaecc0;  alias, 1 drivers
v0x555556a72ca0_0 .net "wen", 0 0, L_0x555556ab2ad0;  1 drivers
L_0x7fa5a44c8d08 .functor BUFT 1, C4<1>, C4<0>, C4<0>, C4<0>;
v0x555556a72d40_0 .net "wready", 0 0, L_0x7fa5a44c8d08;  1 drivers
v0x555556a72e00_0 .net "wstrb", 3 0, L_0x555556ab0d40;  alias, 1 drivers
L_0x555556ab2130 .cmp/eq 32, L_0x555556ab2860, L_0x7fa5a44c8c78;
L_0x555556ab22e0 .cmp/eq 32, L_0x555556ab2cd0, L_0x7fa5a44c8cc0;
S_0x555556a45f50 .scope module, "processor" "FemtoRV32" 3 45, 7 38 0, S_0x55555696dab0;
 .timescale 0 0;
    .port_info 0 /INPUT 1 "clk";
    .port_info 1 /OUTPUT 32 "mem_addr";
    .port_info 2 /OUTPUT 32 "mem_wdata";
    .port_info 3 /OUTPUT 4 "mem_wmask";
    .port_info 4 /INPUT 32 "mem_rdata";
    .port_info 5 /OUTPUT 1 "mem_rstrb";
    .port_info 6 /INPUT 1 "mem_rbusy";
    .port_info 7 /INPUT 1 "mem_wbusy";
    .port_info 8 /INPUT 1 "reset";
P_0x555556a73060 .param/l "ADDR_WIDTH" 0 7 53, +C4<00000000000000000000000000100000>;
P_0x555556a730a0 .param/l "EXECUTE" 1 7 317, +C4<0000000000000000000000000000000100>;
P_0x555556a730e0 .param/l "EXECUTE_bit" 1 7 311, +C4<00000000000000000000000000000010>;
P_0x555556a73120 .param/l "FETCH_INSTR" 1 7 315, +C4<00000000000000000000000000000001>;
P_0x555556a73160 .param/l "FETCH_INSTR_bit" 1 7 309, +C4<00000000000000000000000000000000>;
P_0x555556a731a0 .param/l "NB_STATES" 1 7 313, +C4<00000000000000000000000000000100>;
P_0x555556a731e0 .param/l "RESET_ADDR" 0 7 52, C4<00000000000000000000000000000000>;
P_0x555556a73220 .param/l "WAIT_ALU_OR_MEM" 1 7 318, +C4<00000000000000000000000000000001000>;
P_0x555556a73260 .param/l "WAIT_ALU_OR_MEM_bit" 1 7 312, +C4<00000000000000000000000000000011>;
P_0x555556a732a0 .param/l "WAIT_INSTR" 1 7 316, +C4<000000000000000000000000000000010>;
P_0x555556a732e0 .param/l "WAIT_INSTR_bit" 1 7 310, +C4<00000000000000000000000000000001>;
L_0x5555569b18e0 .functor OR 1, L_0x555556a9d530, L_0x555556a9db20, C4<0>, C4<0>;
L_0x555556a9eec0 .functor BUFZ 32, v0x555556a7b5a0_0, C4<00000000000000000000000000000000>, C4<00000000000000000000000000000000>, C4<00000000000000000000000000000000>;
L_0x555556a9ef30 .functor OR 1, L_0x555556a9db20, L_0x555556a9eb30, C4<0>, C4<0>;
L_0x555556a9f430 .functor NOT 32, L_0x555556a9eff0, C4<00000000000000000000000000000000>, C4<00000000000000000000000000000000>, C4<00000000000000000000000000000000>;
L_0x555556a9fa40 .functor XOR 1, L_0x555556a9fe70, L_0x555556aa00d0, C4<0>, C4<0>;
L_0x555556aa1390 .functor AND 1, L_0x555556aa1040, L_0x555556aa10e0, C4<1>, C4<1>;
L_0x555556aa22d0 .functor OR 32, L_0x555556aa1960, L_0x555556aa1f00, C4<00000000000000000000000000000000>, C4<00000000000000000000000000000000>;
L_0x555556aa2950 .functor OR 32, L_0x555556aa22d0, L_0x555556aa27c0, C4<00000000000000000000000000000000>, C4<00000000000000000000000000000000>;
L_0x555556aa2db0 .functor XOR 32, L_0x555556a9eec0, L_0x555556a9eff0, C4<00000000000000000000000000000000>, C4<00000000000000000000000000000000>;
L_0x555556aa2fb0 .functor OR 32, L_0x555556aa2950, L_0x555556aa2e20, C4<00000000000000000000000000000000>, C4<00000000000000000000000000000000>;
L_0x555556aa3430 .functor OR 32, L_0x555556a9eec0, L_0x555556a9eff0, C4<00000000000000000000000000000000>, C4<00000000000000000000000000000000>;
L_0x555556aa35e0 .functor OR 32, L_0x555556aa2fb0, L_0x555556aa34a0, C4<00000000000000000000000000000000>, C4<00000000000000000000000000000000>;
L_0x555556aa3a80 .functor AND 32, L_0x555556a9eec0, L_0x555556a9eff0, C4<11111111111111111111111111111111>, C4<11111111111111111111111111111111>;
L_0x555556aa3c80 .functor OR 32, L_0x555556aa35e0, L_0x555556aa3af0, C4<00000000000000000000000000000000>, C4<00000000000000000000000000000000>;
L_0x555556aa36f0 .functor OR 32, L_0x555556aa3c80, L_0x555556aa3e10, C4<00000000000000000000000000000000>, C4<00000000000000000000000000000000>;
L_0x555556aa4720 .functor OR 1, L_0x555556aa4230, L_0x555556aa43e0, C4<0>, C4<0>;
L_0x555556aa49b0 .functor AND 1, L_0x555556aa4910, L_0x555556aa0c30, C4<1>, C4<1>;
L_0x555556aa4eb0 .functor AND 1, L_0x555556aa4ac0, L_0x555556aa4e10, C4<1>, C4<1>;
L_0x555556aa5060 .functor OR 1, L_0x555556aa49b0, L_0x555556aa4eb0, C4<0>, C4<0>;
L_0x555556aa54d0 .functor AND 1, L_0x555556aa5170, L_0x555556aa0500, C4<1>, C4<1>;
L_0x555556aa5640 .functor OR 1, L_0x555556aa5060, L_0x555556aa54d0, C4<0>, C4<0>;
L_0x555556aa5ac0 .functor AND 1, L_0x555556aa4fc0, L_0x555556aa5750, C4<1>, C4<1>;
L_0x555556aa5c40 .functor OR 1, L_0x555556aa5640, L_0x555556aa5ac0, C4<0>, C4<0>;
L_0x555556aa5df0 .functor AND 1, L_0x555556aa5d50, L_0x555556aa0870, C4<1>, C4<1>;
L_0x555556aa5f80 .functor OR 1, L_0x555556aa5c40, L_0x555556aa5df0, C4<0>, C4<0>;
L_0x555556aa64b0 .functor AND 1, L_0x555556aa6090, L_0x555556aa6410, C4<1>, C4<1>;
L_0x555556aa6650 .functor OR 1, L_0x555556aa5f80, L_0x555556aa64b0, C4<0>, C4<0>;
L_0x555556aa6800 .functor OR 1, L_0x555556aa80d0, L_0x555556aa8170, C4<0>, C4<0>;
L_0x555556aa8e40 .functor OR 32, L_0x555556aa8870, L_0x555556aa8d00, C4<00000000000000000000000000000000>, C4<00000000000000000000000000000000>;
L_0x555556aa9440 .functor OR 32, L_0x555556aa8e40, L_0x555556aa8f50, C4<00000000000000000000000000000000>, C4<00000000000000000000000000000000>;
L_0x555556aa97e0 .functor OR 32, L_0x555556aa9440, L_0x555556aa9650, C4<00000000000000000000000000000000>, C4<00000000000000000000000000000000>;
L_0x555556aa98f0 .functor OR 1, L_0x555556a9e0e0, L_0x555556a9de30, C4<0>, C4<0>;
L_0x555556aaa010 .functor OR 32, L_0x555556aa97e0, L_0x555556aa9b10, C4<00000000000000000000000000000000>, C4<00000000000000000000000000000000>;
L_0x555556aaa260 .functor OR 32, L_0x555556aaa010, L_0x555556aaa120, C4<00000000000000000000000000000000>, C4<00000000000000000000000000000000>;
L_0x555556aabed0 .functor AND 1, L_0x555556aab3a0, L_0x555556aab980, C4<1>, C4<1>;
L_0x555556aaffd0 .functor OR 1, L_0x555556a9eb30, L_0x555556a9d820, C4<0>, C4<0>;
L_0x555556aaa370 .functor NOT 1, L_0x555556aaffd0, C4<0>, C4<0>, C4<0>;
L_0x555556ab0370 .functor OR 1, L_0x555556ab0900, L_0x555556ab02d0, C4<0>, C4<0>;
L_0x555556ab0570 .functor AND 1, L_0x555556aaa370, L_0x555556ab0370, C4<1>, C4<1>;
L_0x555556ab0720 .functor AND 1, L_0x555556ab0680, L_0x555556a9d250, C4<1>, C4<1>;
L_0x555556ab10b0 .functor OR 1, L_0x555556ab0720, L_0x555556ab1010, C4<0>, C4<0>;
L_0x555556ab09a0 .functor AND 1, L_0x555556ab1170, L_0x555556a9d820, C4<1>, C4<1>;
L_0x555556ab0d40 .functor AND 4, L_0x555556ab0bc0, L_0x555556aafee0, C4<1111>, C4<1111>;
L_0x555556ab1210 .functor AND 1, L_0x555556ab0e00, L_0x5555569b18e0, C4<1>, C4<1>;
L_0x555556ab1440 .functor AND 1, L_0x555556a9eb30, L_0x555556aa6650, C4<1>, C4<1>;
L_0x555556ab14b0 .functor OR 1, L_0x555556a9de30, L_0x555556ab1440, C4<0>, C4<0>;
L_0x555556ab1d90 .functor OR 1, L_0x555556a9d250, L_0x555556a9d820, C4<0>, C4<0>;
L_0x555556ab1f20 .functor AND 1, L_0x5555569b18e0, L_0x555556aa4720, C4<1>, C4<1>;
L_0x555556ab2020 .functor OR 1, L_0x555556ab1d90, L_0x555556ab1f20, C4<0>, C4<0>;
v0x555556a73700_0 .net "Bimm", 31 0, L_0x555556a9c1e0;  1 drivers
v0x555556a73ae0_0 .net "EQ", 0 0, L_0x555556aa0c30;  1 drivers
v0x555556a73ba0_0 .net "Iimm", 31 0, L_0x555556a9b220;  1 drivers
v0x555556a73c90_0 .net "Jimm", 31 0, L_0x555556a9ce60;  1 drivers
v0x555556a73d70_0 .net "LOAD_byte", 7 0, L_0x555556aae950;  1 drivers
v0x555556a73ea0_0 .net "LOAD_data", 31 0, L_0x555556aad0f0;  1 drivers
v0x555556a73f80_0 .net "LOAD_halfword", 15 0, L_0x555556aadce0;  1 drivers
v0x555556a74060_0 .net "LOAD_sign", 0 0, L_0x555556aabed0;  1 drivers
v0x555556a74120_0 .net "LT", 0 0, L_0x555556aa0500;  1 drivers
v0x555556a741e0_0 .net "LTU", 0 0, L_0x555556aa0870;  1 drivers
v0x555556a742a0_0 .var "PC", 31 0;
v0x555556a74380_0 .net "PCplus4", 31 0, L_0x555556aa6760;  1 drivers
v0x555556a74460_0 .net "PCplusImm", 31 0, L_0x555556aa7620;  1 drivers
v0x555556a74540_0 .net "STORE_wmask", 3 0, L_0x555556aafee0;  1 drivers
v0x555556a74620_0 .net "Simm", 31 0, L_0x555556a9b9b0;  1 drivers
v0x555556a74700_0 .net "Uimm", 31 0, L_0x555556a9a950;  1 drivers
v0x555556a747e0_0 .net *"_ivl_101", 4 0, L_0x555556a9e3a0;  1 drivers
L_0x7fa5a44c82e8 .functor BUFT 1, C4<01101>, C4<0>, C4<0>, C4<0>;
v0x555556a748c0_0 .net/2u *"_ivl_102", 4 0, L_0x7fa5a44c82e8;  1 drivers
v0x555556a749a0_0 .net *"_ivl_107", 4 0, L_0x555556a9e710;  1 drivers
L_0x7fa5a44c8330 .functor BUFT 1, C4<00101>, C4<0>, C4<0>, C4<0>;
v0x555556a74a80_0 .net/2u *"_ivl_108", 4 0, L_0x7fa5a44c8330;  1 drivers
v0x555556a74b60_0 .net *"_ivl_11", 18 0, L_0x555556a8a7e0;  1 drivers
v0x555556a74c40_0 .net *"_ivl_113", 4 0, L_0x555556a9ea90;  1 drivers
L_0x7fa5a44c8378 .functor BUFT 1, C4<11000>, C4<0>, C4<0>, C4<0>;
v0x555556a74d20_0 .net/2u *"_ivl_114", 4 0, L_0x7fa5a44c8378;  1 drivers
L_0x7fa5a44c8060 .functor BUFT 1, C4<000000000000>, C4<0>, C4<0>, C4<0>;
v0x555556a74e00_0 .net/2u *"_ivl_12", 11 0, L_0x7fa5a44c8060;  1 drivers
v0x555556a74ee0_0 .net *"_ivl_122", 0 0, L_0x555556a9ef30;  1 drivers
L_0x7fa5a44c83c0 .functor BUFT 1, C4<1>, C4<0>, C4<0>, C4<0>;
v0x555556a74fc0_0 .net/2u *"_ivl_130", 0 0, L_0x7fa5a44c83c0;  1 drivers
v0x555556a750a0_0 .net *"_ivl_132", 31 0, L_0x555556a9f430;  1 drivers
v0x555556a75180_0 .net *"_ivl_134", 32 0, L_0x555556a9f5a0;  1 drivers
L_0x7fa5a44c8408 .functor BUFT 1, C4<0>, C4<0>, C4<0>, C4<0>;
v0x555556a75260_0 .net/2u *"_ivl_136", 0 0, L_0x7fa5a44c8408;  1 drivers
v0x555556a75340_0 .net *"_ivl_138", 32 0, L_0x555556a9f8b0;  1 drivers
v0x555556a75420_0 .net *"_ivl_140", 32 0, L_0x555556a9f9a0;  1 drivers
L_0x7fa5a44c8450 .functor BUFT 1, C4<000000000000000000000000000000001>, C4<0>, C4<0>, C4<0>;
v0x555556a75500_0 .net/2u *"_ivl_142", 32 0, L_0x7fa5a44c8450;  1 drivers
v0x555556a755e0_0 .net *"_ivl_147", 0 0, L_0x555556a9fe70;  1 drivers
v0x555556a756c0_0 .net *"_ivl_149", 0 0, L_0x555556aa00d0;  1 drivers
v0x555556a757a0_0 .net *"_ivl_150", 0 0, L_0x555556a9fa40;  1 drivers
v0x555556a75880_0 .net *"_ivl_153", 0 0, L_0x555556aa01a0;  1 drivers
v0x555556a75960_0 .net *"_ivl_155", 0 0, L_0x555556aa0410;  1 drivers
v0x555556a75a40_0 .net *"_ivl_161", 31 0, L_0x555556aa0910;  1 drivers
L_0x7fa5a44c8498 .functor BUFT 1, C4<00000000000000000000000000000000>, C4<0>, C4<0>, C4<0>;
v0x555556a75b20_0 .net/2u *"_ivl_162", 31 0, L_0x7fa5a44c8498;  1 drivers
v0x555556a75c00_0 .net *"_ivl_167", 0 0, L_0x555556aa0d50;  1 drivers
v0x555556a75ce0_0 .net *"_ivl_169", 0 0, L_0x555556aa1040;  1 drivers
v0x555556a75dc0_0 .net *"_ivl_17", 0 0, L_0x555556a9ab30;  1 drivers
v0x555556a75ea0_0 .net *"_ivl_171", 0 0, L_0x555556aa10e0;  1 drivers
v0x555556a75f80_0 .net *"_ivl_172", 0 0, L_0x555556aa1390;  1 drivers
v0x555556a76060_0 .net *"_ivl_175", 31 0, L_0x555556aa1510;  1 drivers
v0x555556a76140_0 .net *"_ivl_176", 31 0, L_0x555556aa15b0;  1 drivers
L_0x7fa5a44c84e0 .functor BUFT 1, C4<00000000000000000000000000000000>, C4<0>, C4<0>, C4<0>;
v0x555556a76220_0 .net/2u *"_ivl_178", 31 0, L_0x7fa5a44c84e0;  1 drivers
v0x555556a76300_0 .net *"_ivl_18", 20 0, L_0x555556a9abd0;  1 drivers
v0x555556a763e0_0 .net *"_ivl_180", 31 0, L_0x555556aa1960;  1 drivers
v0x555556a764c0_0 .net *"_ivl_183", 0 0, L_0x555556aa1af0;  1 drivers
L_0x7fa5a44c8528 .functor BUFT 1, C4<0000000000000000000000000000000>, C4<0>, C4<0>, C4<0>;
v0x555556a765a0_0 .net/2u *"_ivl_184", 30 0, L_0x7fa5a44c8528;  1 drivers
v0x555556a76680_0 .net *"_ivl_186", 31 0, L_0x555556aa1dc0;  1 drivers
L_0x7fa5a44c8570 .functor BUFT 1, C4<00000000000000000000000000000000>, C4<0>, C4<0>, C4<0>;
v0x555556a76760_0 .net/2u *"_ivl_188", 31 0, L_0x7fa5a44c8570;  1 drivers
v0x555556a76840_0 .net *"_ivl_190", 31 0, L_0x555556aa1f00;  1 drivers
v0x555556a76920_0 .net *"_ivl_192", 31 0, L_0x555556aa22d0;  1 drivers
v0x555556a76a00_0 .net *"_ivl_195", 0 0, L_0x555556aa23e0;  1 drivers
L_0x7fa5a44c85b8 .functor BUFT 1, C4<0000000000000000000000000000000>, C4<0>, C4<0>, C4<0>;
v0x555556a76ae0_0 .net/2u *"_ivl_196", 30 0, L_0x7fa5a44c85b8;  1 drivers
v0x555556a76bc0_0 .net *"_ivl_198", 31 0, L_0x555556aa2480;  1 drivers
L_0x7fa5a44c8018 .functor BUFT 1, C4<00000001>, C4<0>, C4<0>, C4<0>;
v0x555556a76ca0_0 .net/2u *"_ivl_2", 7 0, L_0x7fa5a44c8018;  1 drivers
L_0x7fa5a44c8600 .functor BUFT 1, C4<00000000000000000000000000000000>, C4<0>, C4<0>, C4<0>;
v0x555556a76d80_0 .net/2u *"_ivl_200", 31 0, L_0x7fa5a44c8600;  1 drivers
v0x555556a76e60_0 .net *"_ivl_202", 31 0, L_0x555556aa27c0;  1 drivers
v0x555556a76f40_0 .net *"_ivl_204", 31 0, L_0x555556aa2950;  1 drivers
v0x555556a77020_0 .net *"_ivl_207", 0 0, L_0x555556aa2ab0;  1 drivers
v0x555556a77100_0 .net *"_ivl_208", 31 0, L_0x555556aa2db0;  1 drivers
v0x555556a771e0_0 .net *"_ivl_21", 10 0, L_0x555556a9b180;  1 drivers
L_0x7fa5a44c8648 .functor BUFT 1, C4<00000000000000000000000000000000>, C4<0>, C4<0>, C4<0>;
v0x555556a776d0_0 .net/2u *"_ivl_210", 31 0, L_0x7fa5a44c8648;  1 drivers
v0x555556a777b0_0 .net *"_ivl_212", 31 0, L_0x555556aa2e20;  1 drivers
v0x555556a77890_0 .net *"_ivl_214", 31 0, L_0x555556aa2fb0;  1 drivers
v0x555556a77970_0 .net *"_ivl_217", 0 0, L_0x555556aa3120;  1 drivers
v0x555556a77a50_0 .net *"_ivl_218", 31 0, L_0x555556aa3430;  1 drivers
L_0x7fa5a44c8690 .functor BUFT 1, C4<00000000000000000000000000000000>, C4<0>, C4<0>, C4<0>;
v0x555556a77b30_0 .net/2u *"_ivl_220", 31 0, L_0x7fa5a44c8690;  1 drivers
v0x555556a77c10_0 .net *"_ivl_222", 31 0, L_0x555556aa34a0;  1 drivers
v0x555556a77cf0_0 .net *"_ivl_224", 31 0, L_0x555556aa35e0;  1 drivers
v0x555556a77dd0_0 .net *"_ivl_227", 0 0, L_0x555556aa3760;  1 drivers
v0x555556a77eb0_0 .net *"_ivl_228", 31 0, L_0x555556aa3a80;  1 drivers
L_0x7fa5a44c86d8 .functor BUFT 1, C4<00000000000000000000000000000000>, C4<0>, C4<0>, C4<0>;
v0x555556a77f90_0 .net/2u *"_ivl_230", 31 0, L_0x7fa5a44c86d8;  1 drivers
v0x555556a78070_0 .net *"_ivl_232", 31 0, L_0x555556aa3af0;  1 drivers
v0x555556a78150_0 .net *"_ivl_234", 31 0, L_0x555556aa3c80;  1 drivers
L_0x7fa5a44c8720 .functor BUFT 1, C4<00000000000000000000000000000000>, C4<0>, C4<0>, C4<0>;
v0x555556a78230_0 .net/2u *"_ivl_236", 31 0, L_0x7fa5a44c8720;  1 drivers
v0x555556a78310_0 .net *"_ivl_238", 31 0, L_0x555556aa3e10;  1 drivers
v0x555556a783f0_0 .net *"_ivl_243", 0 0, L_0x555556aa4230;  1 drivers
v0x555556a784d0_0 .net *"_ivl_245", 0 0, L_0x555556aa43e0;  1 drivers
v0x555556a785b0_0 .net *"_ivl_249", 0 0, L_0x555556aa4910;  1 drivers
v0x555556a78690_0 .net *"_ivl_25", 0 0, L_0x555556a9b370;  1 drivers
v0x555556a78770_0 .net *"_ivl_250", 0 0, L_0x555556aa49b0;  1 drivers
v0x555556a78850_0 .net *"_ivl_253", 0 0, L_0x555556aa4ac0;  1 drivers
v0x555556a78930_0 .net *"_ivl_255", 0 0, L_0x555556aa4e10;  1 drivers
v0x555556a789f0_0 .net *"_ivl_256", 0 0, L_0x555556aa4eb0;  1 drivers
v0x555556a78ad0_0 .net *"_ivl_258", 0 0, L_0x555556aa5060;  1 drivers
v0x555556a78bb0_0 .net *"_ivl_26", 20 0, L_0x555556a9b410;  1 drivers
v0x555556a78c90_0 .net *"_ivl_261", 0 0, L_0x555556aa5170;  1 drivers
v0x555556a78d70_0 .net *"_ivl_262", 0 0, L_0x555556aa54d0;  1 drivers
v0x555556a78e50_0 .net *"_ivl_264", 0 0, L_0x555556aa5640;  1 drivers
v0x555556a78f30_0 .net *"_ivl_267", 0 0, L_0x555556aa4fc0;  1 drivers
v0x555556a79010_0 .net *"_ivl_269", 0 0, L_0x555556aa5750;  1 drivers
v0x555556a790d0_0 .net *"_ivl_270", 0 0, L_0x555556aa5ac0;  1 drivers
v0x555556a791b0_0 .net *"_ivl_272", 0 0, L_0x555556aa5c40;  1 drivers
v0x555556a79290_0 .net *"_ivl_275", 0 0, L_0x555556aa5d50;  1 drivers
v0x555556a79370_0 .net *"_ivl_276", 0 0, L_0x555556aa5df0;  1 drivers
v0x555556a79450_0 .net *"_ivl_278", 0 0, L_0x555556aa5f80;  1 drivers
v0x555556a79530_0 .net *"_ivl_281", 0 0, L_0x555556aa6090;  1 drivers
v0x555556a79610_0 .net *"_ivl_283", 0 0, L_0x555556aa6410;  1 drivers
v0x555556a796d0_0 .net *"_ivl_284", 0 0, L_0x555556aa64b0;  1 drivers
L_0x7fa5a44c8768 .functor BUFT 1, C4<00000000000000000000000000000100>, C4<0>, C4<0>, C4<0>;
v0x555556a797b0_0 .net/2u *"_ivl_288", 31 0, L_0x7fa5a44c8768;  1 drivers
v0x555556a79890_0 .net *"_ivl_29", 5 0, L_0x555556a9b7f0;  1 drivers
v0x555556a79970_0 .net *"_ivl_293", 0 0, L_0x555556aa6bb0;  1 drivers
v0x555556a79a50_0 .net *"_ivl_295", 0 0, L_0x555556aa6c50;  1 drivers
v0x555556a79b30_0 .net *"_ivl_296", 31 0, L_0x555556aa6ff0;  1 drivers
v0x555556a79c10_0 .net *"_ivl_298", 31 0, L_0x555556aa7180;  1 drivers
v0x555556a79cf0_0 .net *"_ivl_303", 0 0, L_0x555556aa7760;  1 drivers
v0x555556a79dd0_0 .net *"_ivl_304", 31 0, L_0x555556aa7b20;  1 drivers
v0x555556a79eb0_0 .net *"_ivl_309", 0 0, L_0x555556aa80d0;  1 drivers
v0x555556a79f90_0 .net *"_ivl_31", 4 0, L_0x555556a9b890;  1 drivers
v0x555556a7a070_0 .net *"_ivl_311", 0 0, L_0x555556aa8170;  1 drivers
v0x555556a7a150_0 .net *"_ivl_312", 0 0, L_0x555556aa6800;  1 drivers
L_0x7fa5a44c87b0 .functor BUFT 1, C4<00000000000000000000000000000000>, C4<0>, C4<0>, C4<0>;
v0x555556a7a230_0 .net/2u *"_ivl_316", 31 0, L_0x7fa5a44c87b0;  1 drivers
v0x555556a7a310_0 .net *"_ivl_318", 31 0, L_0x555556aa8870;  1 drivers
L_0x7fa5a44c87f8 .functor BUFT 1, C4<00000000000000000000000000000000>, C4<0>, C4<0>, C4<0>;
v0x555556a7a3f0_0 .net/2u *"_ivl_320", 31 0, L_0x7fa5a44c87f8;  1 drivers
v0x555556a7a4d0_0 .net *"_ivl_322", 31 0, L_0x555556aa8d00;  1 drivers
v0x555556a7a5b0_0 .net *"_ivl_324", 31 0, L_0x555556aa8e40;  1 drivers
L_0x7fa5a44c8840 .functor BUFT 1, C4<00000000000000000000000000000000>, C4<0>, C4<0>, C4<0>;
v0x555556a7a690_0 .net/2u *"_ivl_326", 31 0, L_0x7fa5a44c8840;  1 drivers
v0x555556a7a770_0 .net *"_ivl_328", 31 0, L_0x555556aa8f50;  1 drivers
v0x555556a7a850_0 .net *"_ivl_330", 31 0, L_0x555556aa9440;  1 drivers
L_0x7fa5a44c8888 .functor BUFT 1, C4<00000000000000000000000000000000>, C4<0>, C4<0>, C4<0>;
v0x555556a7a930_0 .net/2u *"_ivl_332", 31 0, L_0x7fa5a44c8888;  1 drivers
v0x555556a7aa10_0 .net *"_ivl_334", 31 0, L_0x555556aa9650;  1 drivers
v0x555556a7aaf0_0 .net *"_ivl_336", 31 0, L_0x555556aa97e0;  1 drivers
v0x555556a7abd0_0 .net *"_ivl_338", 0 0, L_0x555556aa98f0;  1 drivers
L_0x7fa5a44c88d0 .functor BUFT 1, C4<00000000000000000000000000000000>, C4<0>, C4<0>, C4<0>;
v0x555556a7acb0_0 .net/2u *"_ivl_340", 31 0, L_0x7fa5a44c88d0;  1 drivers
v0x555556a7ad90_0 .net *"_ivl_342", 31 0, L_0x555556aa9b10;  1 drivers
v0x555556a7b680_0 .net *"_ivl_344", 31 0, L_0x555556aaa010;  1 drivers
L_0x7fa5a44c8918 .functor BUFT 1, C4<00000000000000000000000000000000>, C4<0>, C4<0>, C4<0>;
v0x555556a7b760_0 .net/2u *"_ivl_346", 31 0, L_0x7fa5a44c8918;  1 drivers
v0x555556a7b840_0 .net *"_ivl_348", 31 0, L_0x555556aaa120;  1 drivers
v0x555556a7b920_0 .net *"_ivl_35", 0 0, L_0x555556a9bb50;  1 drivers
v0x555556a7ba00_0 .net *"_ivl_353", 1 0, L_0x555556aaa490;  1 drivers
L_0x7fa5a44c8960 .functor BUFT 1, C4<00>, C4<0>, C4<0>, C4<0>;
v0x555556a7bae0_0 .net/2u *"_ivl_354", 1 0, L_0x7fa5a44c8960;  1 drivers
v0x555556a7bbc0_0 .net *"_ivl_359", 1 0, L_0x555556aaa9f0;  1 drivers
v0x555556a7bca0_0 .net *"_ivl_36", 19 0, L_0x555556a9bc80;  1 drivers
L_0x7fa5a44c89a8 .functor BUFT 1, C4<01>, C4<0>, C4<0>, C4<0>;
v0x555556a7bd80_0 .net/2u *"_ivl_360", 1 0, L_0x7fa5a44c89a8;  1 drivers
v0x555556a7be60_0 .net *"_ivl_365", 0 0, L_0x555556aaaf60;  1 drivers
v0x555556a7bf40_0 .net *"_ivl_367", 0 0, L_0x555556aab3a0;  1 drivers
v0x555556a7c000_0 .net *"_ivl_369", 0 0, L_0x555556aab490;  1 drivers
v0x555556a7c0e0_0 .net *"_ivl_371", 0 0, L_0x555556aab8e0;  1 drivers
v0x555556a7c1c0_0 .net *"_ivl_372", 0 0, L_0x555556aab980;  1 drivers
v0x555556a7c2a0_0 .net *"_ivl_376", 23 0, L_0x555556aabfe0;  1 drivers
v0x555556a7c380_0 .net *"_ivl_378", 31 0, L_0x555556aac0d0;  1 drivers
v0x555556a7c460_0 .net *"_ivl_380", 15 0, L_0x555556aac590;  1 drivers
v0x555556a7c540_0 .net *"_ivl_382", 31 0, L_0x555556aaca40;  1 drivers
v0x555556a7c620_0 .net *"_ivl_384", 31 0, L_0x555556aacf60;  1 drivers
v0x555556a7c700_0 .net *"_ivl_389", 0 0, L_0x555556aad670;  1 drivers
v0x555556a7c7e0_0 .net *"_ivl_39", 0 0, L_0x555556a9c140;  1 drivers
v0x555556a7c8c0_0 .net *"_ivl_391", 15 0, L_0x555556aad710;  1 drivers
v0x555556a7c9a0_0 .net *"_ivl_393", 15 0, L_0x555556aadbb0;  1 drivers
v0x555556a7ca80_0 .net *"_ivl_397", 0 0, L_0x555556aae230;  1 drivers
v0x555556a7cb60_0 .net *"_ivl_399", 7 0, L_0x555556aae360;  1 drivers
v0x555556a7cc40_0 .net *"_ivl_401", 7 0, L_0x555556aae8b0;  1 drivers
v0x555556a7cd20_0 .net *"_ivl_407", 7 0, L_0x555556aae4e0;  1 drivers
v0x555556a7ce00_0 .net *"_ivl_41", 5 0, L_0x555556a9c280;  1 drivers
v0x555556a7cee0_0 .net *"_ivl_411", 0 0, L_0x555556aae5d0;  1 drivers
v0x555556a7cfc0_0 .net *"_ivl_413", 7 0, L_0x555556aae670;  1 drivers
v0x555556a7d0a0_0 .net *"_ivl_415", 7 0, L_0x555556aae710;  1 drivers
v0x555556a7d180_0 .net *"_ivl_416", 7 0, L_0x555556aaee40;  1 drivers
v0x555556a7d260_0 .net *"_ivl_421", 0 0, L_0x555556aaef30;  1 drivers
v0x555556a7d340_0 .net *"_ivl_423", 7 0, L_0x555556aae9f0;  1 drivers
v0x555556a7d420_0 .net *"_ivl_425", 7 0, L_0x555556aaea90;  1 drivers
v0x555556a7d500_0 .net *"_ivl_426", 7 0, L_0x555556aaeb30;  1 drivers
v0x555556a7d5e0_0 .net *"_ivl_43", 3 0, L_0x555556a9c320;  1 drivers
v0x555556a7d6c0_0 .net *"_ivl_432", 0 0, L_0x555556aaefd0;  1 drivers
v0x555556a7d7a0_0 .net *"_ivl_434", 7 0, L_0x555556aaf070;  1 drivers
v0x555556a7d880_0 .net *"_ivl_436", 0 0, L_0x555556aaf110;  1 drivers
v0x555556a7d960_0 .net *"_ivl_438", 7 0, L_0x555556aaf1b0;  1 drivers
L_0x7fa5a44c80a8 .functor BUFT 1, C4<0>, C4<0>, C4<0>, C4<0>;
v0x555556a7da40_0 .net/2u *"_ivl_44", 0 0, L_0x7fa5a44c80a8;  1 drivers
v0x555556a7db20_0 .net *"_ivl_440", 7 0, L_0x555556aaf250;  1 drivers
v0x555556a7dc00_0 .net *"_ivl_441", 7 0, L_0x555556aaf2f0;  1 drivers
v0x555556a7dce0_0 .net *"_ivl_443", 7 0, L_0x555556aaf990;  1 drivers
v0x555556a7ddc0_0 .net *"_ivl_446", 0 0, L_0x555556aafb70;  1 drivers
v0x555556a7dea0_0 .net *"_ivl_448", 0 0, L_0x555556aaf490;  1 drivers
L_0x7fa5a44c89f0 .functor BUFT 1, C4<1000>, C4<0>, C4<0>, C4<0>;
v0x555556a7df80_0 .net/2u *"_ivl_449", 3 0, L_0x7fa5a44c89f0;  1 drivers
L_0x7fa5a44c8a38 .functor BUFT 1, C4<0100>, C4<0>, C4<0>, C4<0>;
v0x555556a7e060_0 .net/2u *"_ivl_451", 3 0, L_0x7fa5a44c8a38;  1 drivers
v0x555556a7e140_0 .net *"_ivl_453", 3 0, L_0x555556aaf530;  1 drivers
v0x555556a7e220_0 .net *"_ivl_456", 0 0, L_0x555556aaf6c0;  1 drivers
L_0x7fa5a44c8a80 .functor BUFT 1, C4<0010>, C4<0>, C4<0>, C4<0>;
v0x555556a7e300_0 .net/2u *"_ivl_457", 3 0, L_0x7fa5a44c8a80;  1 drivers
L_0x7fa5a44c8ac8 .functor BUFT 1, C4<0001>, C4<0>, C4<0>, C4<0>;
v0x555556a7e3e0_0 .net/2u *"_ivl_459", 3 0, L_0x7fa5a44c8ac8;  1 drivers
v0x555556a7e4c0_0 .net *"_ivl_461", 3 0, L_0x555556aaf760;  1 drivers
v0x555556a7e5a0_0 .net *"_ivl_463", 3 0, L_0x555556ab00f0;  1 drivers
v0x555556a7e680_0 .net *"_ivl_466", 0 0, L_0x555556ab0230;  1 drivers
L_0x7fa5a44c8b10 .functor BUFT 1, C4<1100>, C4<0>, C4<0>, C4<0>;
v0x555556a7e760_0 .net/2u *"_ivl_467", 3 0, L_0x7fa5a44c8b10;  1 drivers
L_0x7fa5a44c8b58 .functor BUFT 1, C4<0011>, C4<0>, C4<0>, C4<0>;
v0x555556a7e840_0 .net/2u *"_ivl_469", 3 0, L_0x7fa5a44c8b58;  1 drivers
v0x555556a7e920_0 .net *"_ivl_471", 3 0, L_0x555556aafc10;  1 drivers
L_0x7fa5a44c8ba0 .functor BUFT 1, C4<1111>, C4<0>, C4<0>, C4<0>;
v0x555556a7ea00_0 .net/2u *"_ivl_473", 3 0, L_0x7fa5a44c8ba0;  1 drivers
v0x555556a7eae0_0 .net *"_ivl_475", 3 0, L_0x555556aafda0;  1 drivers
v0x555556a7ebc0_0 .net *"_ivl_479", 0 0, L_0x555556aaffd0;  1 drivers
v0x555556a7eca0_0 .net *"_ivl_481", 0 0, L_0x555556aaa370;  1 drivers
v0x555556a7ed80_0 .net *"_ivl_484", 0 0, L_0x555556ab0900;  1 drivers
v0x555556a7ee60_0 .net *"_ivl_486", 0 0, L_0x555556ab02d0;  1 drivers
v0x555556a7ef40_0 .net *"_ivl_487", 0 0, L_0x555556ab0370;  1 drivers
v0x555556a7f020_0 .net *"_ivl_49", 0 0, L_0x555556a9c670;  1 drivers
v0x555556a7f100_0 .net *"_ivl_492", 0 0, L_0x555556ab0680;  1 drivers
v0x555556a7f1e0_0 .net *"_ivl_493", 0 0, L_0x555556ab0720;  1 drivers
v0x555556a7f2c0_0 .net *"_ivl_496", 0 0, L_0x555556ab1010;  1 drivers
v0x555556a7f3a0_0 .net *"_ivl_5", 2 0, L_0x555556a8a4b0;  1 drivers
v0x555556a7f480_0 .net *"_ivl_50", 11 0, L_0x555556a9c7d0;  1 drivers
v0x555556a7f560_0 .net *"_ivl_500", 0 0, L_0x555556ab1170;  1 drivers
v0x555556a7f640_0 .net *"_ivl_501", 0 0, L_0x555556ab09a0;  1 drivers
v0x555556a7f720_0 .net *"_ivl_503", 3 0, L_0x555556ab0bc0;  1 drivers
v0x555556a7f800_0 .net *"_ivl_508", 0 0, L_0x555556ab0e00;  1 drivers
v0x555556a7f8e0_0 .net *"_ivl_511", 0 0, L_0x555556ab1440;  1 drivers
v0x555556a7f9c0_0 .net *"_ivl_515", 0 0, L_0x555556ab1d90;  1 drivers
v0x555556a7faa0_0 .net *"_ivl_517", 0 0, L_0x555556ab1f20;  1 drivers
v0x555556a7fb80_0 .net *"_ivl_53", 7 0, L_0x555556a9c8c0;  1 drivers
v0x555556a7fc60_0 .net *"_ivl_55", 0 0, L_0x555556a9ca30;  1 drivers
v0x555556a7fd40_0 .net *"_ivl_57", 9 0, L_0x555556a9cce0;  1 drivers
L_0x7fa5a44c80f0 .functor BUFT 1, C4<0>, C4<0>, C4<0>, C4<0>;
v0x555556a7fe20_0 .net/2u *"_ivl_58", 0 0, L_0x7fa5a44c80f0;  1 drivers
v0x555556a7ff00_0 .net *"_ivl_63", 4 0, L_0x555556a9d070;  1 drivers
L_0x7fa5a44c8138 .functor BUFT 1, C4<00000>, C4<0>, C4<0>, C4<0>;
v0x555556a7ffe0_0 .net/2u *"_ivl_64", 4 0, L_0x7fa5a44c8138;  1 drivers
v0x555556a800c0_0 .net *"_ivl_69", 4 0, L_0x555556a9d390;  1 drivers
L_0x7fa5a44c8180 .functor BUFT 1, C4<00100>, C4<0>, C4<0>, C4<0>;
v0x555556a801a0_0 .net/2u *"_ivl_70", 4 0, L_0x7fa5a44c8180;  1 drivers
v0x555556a80280_0 .net *"_ivl_75", 4 0, L_0x555556a9d670;  1 drivers
L_0x7fa5a44c81c8 .functor BUFT 1, C4<01000>, C4<0>, C4<0>, C4<0>;
v0x555556a80360_0 .net/2u *"_ivl_76", 4 0, L_0x7fa5a44c81c8;  1 drivers
v0x555556a80440_0 .net *"_ivl_81", 4 0, L_0x555556a9d960;  1 drivers
L_0x7fa5a44c8210 .functor BUFT 1, C4<01100>, C4<0>, C4<0>, C4<0>;
v0x555556a80520_0 .net/2u *"_ivl_82", 4 0, L_0x7fa5a44c8210;  1 drivers
v0x555556a80600_0 .net *"_ivl_87", 4 0, L_0x555556a9dc60;  1 drivers
L_0x7fa5a44c8258 .functor BUFT 1, C4<11100>, C4<0>, C4<0>, C4<0>;
v0x555556a806e0_0 .net/2u *"_ivl_88", 4 0, L_0x7fa5a44c8258;  1 drivers
v0x555556a807c0_0 .net *"_ivl_9", 0 0, L_0x555556a8a710;  1 drivers
v0x555556a808a0_0 .net *"_ivl_95", 4 0, L_0x555556a9e010;  1 drivers
L_0x7fa5a44c82a0 .functor BUFT 1, C4<11001>, C4<0>, C4<0>, C4<0>;
v0x555556a80980_0 .net/2u *"_ivl_96", 4 0, L_0x7fa5a44c82a0;  1 drivers
v0x555556a80a60_0 .net "aluBusy", 0 0, L_0x555556a9f130;  1 drivers
v0x555556a80b20_0 .net "aluIn1", 31 0, L_0x555556a9eec0;  1 drivers
v0x555556a80c00_0 .net "aluIn2", 31 0, L_0x555556a9eff0;  1 drivers
v0x555556a80ce0_0 .net "aluMinus", 32 0, L_0x555556a9fd30;  1 drivers
v0x555556a80dc0_0 .net "aluOut", 31 0, L_0x555556aa36f0;  1 drivers
v0x555556a80ea0_0 .net "aluPlus", 31 0, L_0x555556a9f390;  1 drivers
v0x555556a80f80_0 .var "aluReg", 31 0;
v0x555556a81060_0 .var "aluShamt", 4 0;
v0x555556a81140_0 .net "aluWr", 0 0, L_0x555556ab1210;  1 drivers
v0x555556a81200_0 .net "clk", 0 0, v0x555556a89ee0_0;  alias, 1 drivers
v0x555556a812a0_0 .var "cycles", 31 0;
v0x555556a81380_0 .net "funct3Is", 7 0, L_0x555556a8a5d0;  1 drivers
v0x555556a81460_0 .net "funct3IsShift", 0 0, L_0x555556aa4720;  1 drivers
v0x555556a81520_0 .var "instr", 31 2;
v0x555556a81600_0 .net "isALU", 0 0, L_0x5555569b18e0;  1 drivers
v0x555556a816c0_0 .net "isALUimm", 0 0, L_0x555556a9d530;  1 drivers
v0x555556a81780_0 .net "isALUreg", 0 0, L_0x555556a9db20;  1 drivers
v0x555556a81840_0 .net "isAUIPC", 0 0, L_0x555556a9e7b0;  1 drivers
v0x555556a81900_0 .net "isBranch", 0 0, L_0x555556a9eb30;  1 drivers
v0x555556a819c0_0 .net "isJAL", 0 0, L_0x555556a9de30;  1 drivers
v0x555556a81a80_0 .net "isJALR", 0 0, L_0x555556a9e0e0;  1 drivers
v0x555556a81b40_0 .net "isLUI", 0 0, L_0x555556a9e440;  1 drivers
v0x555556a81c00_0 .net "isLoad", 0 0, L_0x555556a9d250;  1 drivers
v0x555556a81cc0_0 .net "isSYSTEM", 0 0, L_0x555556a9da00;  1 drivers
v0x555556a81d80_0 .net "isStore", 0 0, L_0x555556a9d820;  1 drivers
v0x555556a81e40_0 .net "jumpToPCplusImm", 0 0, L_0x555556ab14b0;  1 drivers
v0x555556a81f00_0 .net "loadstore_addr", 31 0, L_0x555556aa7c60;  1 drivers
v0x555556a81fe0_0 .net "mem_addr", 31 0, L_0x555556aa8730;  alias, 1 drivers
v0x555556a820f0_0 .net "mem_byteAccess", 0 0, L_0x555556aaa8b0;  1 drivers
v0x555556a821b0_0 .net "mem_halfwordAccess", 0 0, L_0x555556aaae20;  1 drivers
L_0x7fa5a44c8be8 .functor BUFT 1, C4<0>, C4<0>, C4<0>, C4<0>;
v0x555556a82270_0 .net "mem_rbusy", 0 0, L_0x7fa5a44c8be8;  1 drivers
v0x555556a82330_0 .net "mem_rdata", 31 0, v0x555556a898d0_0;  1 drivers
v0x555556a7ae70_0 .net "mem_rstrb", 0 0, L_0x555556ab10b0;  alias, 1 drivers
L_0x7fa5a44c8c30 .functor BUFT 1, C4<0>, C4<0>, C4<0>, C4<0>;
v0x555556a7af30_0 .net "mem_wbusy", 0 0, L_0x7fa5a44c8c30;  1 drivers
v0x555556a7aff0_0 .net "mem_wdata", 31 0, L_0x555556aaecc0;  alias, 1 drivers
v0x555556a7b100_0 .net "mem_wmask", 3 0, L_0x555556ab0d40;  alias, 1 drivers
v0x555556a7b1c0_0 .net "needToWait", 0 0, L_0x555556ab2020;  1 drivers
v0x555556a7b260_0 .net "predicate", 0 0, L_0x555556aa6650;  1 drivers
v0x555556a7b320_0 .net "rdId", 4 0, L_0x555556a8a3b0;  1 drivers
v0x555556a7b400 .array "registerFile", 0 31, 31 0;
v0x555556a7b500_0 .net "reset", 0 0, v0x555556a89fa0_0;  alias, 1 drivers
v0x555556a7b5a0_0 .var "rs1", 31 0;
v0x555556a83420_0 .var "rs2", 31 0;
v0x555556a83500_0 .var "state", 3 0;
v0x555556a83600_0 .net "writeBack", 0 0, L_0x555556ab0570;  1 drivers
v0x555556a836c0_0 .net "writeBackData", 31 0, L_0x555556aaa260;  1 drivers
L_0x555556a8a3b0 .part v0x555556a81520_0, 5, 5;
L_0x555556a8a4b0 .part v0x555556a81520_0, 10, 3;
L_0x555556a8a5d0 .shift/l 8, L_0x7fa5a44c8018, L_0x555556a8a4b0;
L_0x555556a8a710 .part v0x555556a81520_0, 29, 1;
L_0x555556a8a7e0 .part v0x555556a81520_0, 10, 19;
L_0x555556a9a950 .concat [ 12 19 1 0], L_0x7fa5a44c8060, L_0x555556a8a7e0, L_0x555556a8a710;
L_0x555556a9ab30 .part v0x555556a81520_0, 29, 1;
LS_0x555556a9abd0_0_0 .concat [ 1 1 1 1], L_0x555556a9ab30, L_0x555556a9ab30, L_0x555556a9ab30, L_0x555556a9ab30;
LS_0x555556a9abd0_0_4 .concat [ 1 1 1 1], L_0x555556a9ab30, L_0x555556a9ab30, L_0x555556a9ab30, L_0x555556a9ab30;
LS_0x555556a9abd0_0_8 .concat [ 1 1 1 1], L_0x555556a9ab30, L_0x555556a9ab30, L_0x555556a9ab30, L_0x555556a9ab30;
LS_0x555556a9abd0_0_12 .concat [ 1 1 1 1], L_0x555556a9ab30, L_0x555556a9ab30, L_0x555556a9ab30, L_0x555556a9ab30;
LS_0x555556a9abd0_0_16 .concat [ 1 1 1 1], L_0x555556a9ab30, L_0x555556a9ab30, L_0x555556a9ab30, L_0x555556a9ab30;
LS_0x555556a9abd0_0_20 .concat [ 1 0 0 0], L_0x555556a9ab30;
LS_0x555556a9abd0_1_0 .concat [ 4 4 4 4], LS_0x555556a9abd0_0_0, LS_0x555556a9abd0_0_4, LS_0x555556a9abd0_0_8, LS_0x555556a9abd0_0_12;
LS_0x555556a9abd0_1_4 .concat [ 4 1 0 0], LS_0x555556a9abd0_0_16, LS_0x555556a9abd0_0_20;
L_0x555556a9abd0 .concat [ 16 5 0 0], LS_0x555556a9abd0_1_0, LS_0x555556a9abd0_1_4;
L_0x555556a9b180 .part v0x555556a81520_0, 18, 11;
L_0x555556a9b220 .concat [ 11 21 0 0], L_0x555556a9b180, L_0x555556a9abd0;
L_0x555556a9b370 .part v0x555556a81520_0, 29, 1;
LS_0x555556a9b410_0_0 .concat [ 1 1 1 1], L_0x555556a9b370, L_0x555556a9b370, L_0x555556a9b370, L_0x555556a9b370;
LS_0x555556a9b410_0_4 .concat [ 1 1 1 1], L_0x555556a9b370, L_0x555556a9b370, L_0x555556a9b370, L_0x555556a9b370;
LS_0x555556a9b410_0_8 .concat [ 1 1 1 1], L_0x555556a9b370, L_0x555556a9b370, L_0x555556a9b370, L_0x555556a9b370;
LS_0x555556a9b410_0_12 .concat [ 1 1 1 1], L_0x555556a9b370, L_0x555556a9b370, L_0x555556a9b370, L_0x555556a9b370;
LS_0x555556a9b410_0_16 .concat [ 1 1 1 1], L_0x555556a9b370, L_0x555556a9b370, L_0x555556a9b370, L_0x555556a9b370;
LS_0x555556a9b410_0_20 .concat [ 1 0 0 0], L_0x555556a9b370;
LS_0x555556a9b410_1_0 .concat [ 4 4 4 4], LS_0x555556a9b410_0_0, LS_0x555556a9b410_0_4, LS_0x555556a9b410_0_8, LS_0x555556a9b410_0_12;
LS_0x555556a9b410_1_4 .concat [ 4 1 0 0], LS_0x555556a9b410_0_16, LS_0x555556a9b410_0_20;
L_0x555556a9b410 .concat [ 16 5 0 0], LS_0x555556a9b410_1_0, LS_0x555556a9b410_1_4;
L_0x555556a9b7f0 .part v0x555556a81520_0, 23, 6;
L_0x555556a9b890 .part v0x555556a81520_0, 5, 5;
L_0x555556a9b9b0 .concat [ 5 6 21 0], L_0x555556a9b890, L_0x555556a9b7f0, L_0x555556a9b410;
L_0x555556a9bb50 .part v0x555556a81520_0, 29, 1;
LS_0x555556a9bc80_0_0 .concat [ 1 1 1 1], L_0x555556a9bb50, L_0x555556a9bb50, L_0x555556a9bb50, L_0x555556a9bb50;
LS_0x555556a9bc80_0_4 .concat [ 1 1 1 1], L_0x555556a9bb50, L_0x555556a9bb50, L_0x555556a9bb50, L_0x555556a9bb50;
LS_0x555556a9bc80_0_8 .concat [ 1 1 1 1], L_0x555556a9bb50, L_0x555556a9bb50, L_0x555556a9bb50, L_0x555556a9bb50;
LS_0x555556a9bc80_0_12 .concat [ 1 1 1 1], L_0x555556a9bb50, L_0x555556a9bb50, L_0x555556a9bb50, L_0x555556a9bb50;
LS_0x555556a9bc80_0_16 .concat [ 1 1 1 1], L_0x555556a9bb50, L_0x555556a9bb50, L_0x555556a9bb50, L_0x555556a9bb50;
LS_0x555556a9bc80_1_0 .concat [ 4 4 4 4], LS_0x555556a9bc80_0_0, LS_0x555556a9bc80_0_4, LS_0x555556a9bc80_0_8, LS_0x555556a9bc80_0_12;
LS_0x555556a9bc80_1_4 .concat [ 4 0 0 0], LS_0x555556a9bc80_0_16;
L_0x555556a9bc80 .concat [ 16 4 0 0], LS_0x555556a9bc80_1_0, LS_0x555556a9bc80_1_4;
L_0x555556a9c140 .part v0x555556a81520_0, 5, 1;
L_0x555556a9c280 .part v0x555556a81520_0, 23, 6;
L_0x555556a9c320 .part v0x555556a81520_0, 6, 4;
LS_0x555556a9c1e0_0_0 .concat [ 1 4 6 1], L_0x7fa5a44c80a8, L_0x555556a9c320, L_0x555556a9c280, L_0x555556a9c140;
LS_0x555556a9c1e0_0_4 .concat [ 20 0 0 0], L_0x555556a9bc80;
L_0x555556a9c1e0 .concat [ 12 20 0 0], LS_0x555556a9c1e0_0_0, LS_0x555556a9c1e0_0_4;
L_0x555556a9c670 .part v0x555556a81520_0, 29, 1;
LS_0x555556a9c7d0_0_0 .concat [ 1 1 1 1], L_0x555556a9c670, L_0x555556a9c670, L_0x555556a9c670, L_0x555556a9c670;
LS_0x555556a9c7d0_0_4 .concat [ 1 1 1 1], L_0x555556a9c670, L_0x555556a9c670, L_0x555556a9c670, L_0x555556a9c670;
LS_0x555556a9c7d0_0_8 .concat [ 1 1 1 1], L_0x555556a9c670, L_0x555556a9c670, L_0x555556a9c670, L_0x555556a9c670;
L_0x555556a9c7d0 .concat [ 4 4 4 0], LS_0x555556a9c7d0_0_0, LS_0x555556a9c7d0_0_4, LS_0x555556a9c7d0_0_8;
L_0x555556a9c8c0 .part v0x555556a81520_0, 10, 8;
L_0x555556a9ca30 .part v0x555556a81520_0, 18, 1;
L_0x555556a9cce0 .part v0x555556a81520_0, 19, 10;
LS_0x555556a9ce60_0_0 .concat [ 1 10 1 8], L_0x7fa5a44c80f0, L_0x555556a9cce0, L_0x555556a9ca30, L_0x555556a9c8c0;
LS_0x555556a9ce60_0_4 .concat [ 12 0 0 0], L_0x555556a9c7d0;
L_0x555556a9ce60 .concat [ 20 12 0 0], LS_0x555556a9ce60_0_0, LS_0x555556a9ce60_0_4;
L_0x555556a9d070 .part v0x555556a81520_0, 0, 5;
L_0x555556a9d250 .cmp/eq 5, L_0x555556a9d070, L_0x7fa5a44c8138;
L_0x555556a9d390 .part v0x555556a81520_0, 0, 5;
L_0x555556a9d530 .cmp/eq 5, L_0x555556a9d390, L_0x7fa5a44c8180;
L_0x555556a9d670 .part v0x555556a81520_0, 0, 5;
L_0x555556a9d820 .cmp/eq 5, L_0x555556a9d670, L_0x7fa5a44c81c8;
L_0x555556a9d960 .part v0x555556a81520_0, 0, 5;
L_0x555556a9db20 .cmp/eq 5, L_0x555556a9d960, L_0x7fa5a44c8210;
L_0x555556a9dc60 .part v0x555556a81520_0, 0, 5;
L_0x555556a9da00 .cmp/eq 5, L_0x555556a9dc60, L_0x7fa5a44c8258;
L_0x555556a9de30 .part v0x555556a81520_0, 1, 1;
L_0x555556a9e010 .part v0x555556a81520_0, 0, 5;
L_0x555556a9e0e0 .cmp/eq 5, L_0x555556a9e010, L_0x7fa5a44c82a0;
L_0x555556a9e3a0 .part v0x555556a81520_0, 0, 5;
L_0x555556a9e440 .cmp/eq 5, L_0x555556a9e3a0, L_0x7fa5a44c82e8;
L_0x555556a9e710 .part v0x555556a81520_0, 0, 5;
L_0x555556a9e7b0 .cmp/eq 5, L_0x555556a9e710, L_0x7fa5a44c8330;
L_0x555556a9ea90 .part v0x555556a81520_0, 0, 5;
L_0x555556a9eb30 .cmp/eq 5, L_0x555556a9ea90, L_0x7fa5a44c8378;
L_0x555556a9eff0 .functor MUXZ 32, L_0x555556a9b220, v0x555556a83420_0, L_0x555556a9ef30, C4<>;
L_0x555556a9f130 .reduce/or v0x555556a81060_0;
L_0x555556a9f390 .arith/sum 32, L_0x555556a9eec0, L_0x555556a9eff0;
L_0x555556a9f5a0 .concat [ 32 1 0 0], L_0x555556a9f430, L_0x7fa5a44c83c0;
L_0x555556a9f8b0 .concat [ 32 1 0 0], L_0x555556a9eec0, L_0x7fa5a44c8408;
L_0x555556a9f9a0 .arith/sum 33, L_0x555556a9f5a0, L_0x555556a9f8b0;
L_0x555556a9fd30 .arith/sum 33, L_0x555556a9f9a0, L_0x7fa5a44c8450;
L_0x555556a9fe70 .part L_0x555556a9eec0, 31, 1;
L_0x555556aa00d0 .part L_0x555556a9eff0, 31, 1;
L_0x555556aa01a0 .part L_0x555556a9eec0, 31, 1;
L_0x555556aa0410 .part L_0x555556a9fd30, 32, 1;
L_0x555556aa0500 .functor MUXZ 1, L_0x555556aa0410, L_0x555556aa01a0, L_0x555556a9fa40, C4<>;
L_0x555556aa0870 .part L_0x555556a9fd30, 32, 1;
L_0x555556aa0910 .part L_0x555556a9fd30, 0, 32;
L_0x555556aa0c30 .cmp/eq 32, L_0x555556aa0910, L_0x7fa5a44c8498;
L_0x555556aa0d50 .part L_0x555556a8a5d0, 0, 1;
L_0x555556aa1040 .part v0x555556a81520_0, 28, 1;
L_0x555556aa10e0 .part v0x555556a81520_0, 3, 1;
L_0x555556aa1510 .part L_0x555556a9fd30, 0, 32;
L_0x555556aa15b0 .functor MUXZ 32, L_0x555556a9f390, L_0x555556aa1510, L_0x555556aa1390, C4<>;
L_0x555556aa1960 .functor MUXZ 32, L_0x7fa5a44c84e0, L_0x555556aa15b0, L_0x555556aa0d50, C4<>;
L_0x555556aa1af0 .part L_0x555556a8a5d0, 2, 1;
L_0x555556aa1dc0 .concat [ 1 31 0 0], L_0x555556aa0500, L_0x7fa5a44c8528;
L_0x555556aa1f00 .functor MUXZ 32, L_0x7fa5a44c8570, L_0x555556aa1dc0, L_0x555556aa1af0, C4<>;
L_0x555556aa23e0 .part L_0x555556a8a5d0, 3, 1;
L_0x555556aa2480 .concat [ 1 31 0 0], L_0x555556aa0870, L_0x7fa5a44c85b8;
L_0x555556aa27c0 .functor MUXZ 32, L_0x7fa5a44c8600, L_0x555556aa2480, L_0x555556aa23e0, C4<>;
L_0x555556aa2ab0 .part L_0x555556a8a5d0, 4, 1;
L_0x555556aa2e20 .functor MUXZ 32, L_0x7fa5a44c8648, L_0x555556aa2db0, L_0x555556aa2ab0, C4<>;
L_0x555556aa3120 .part L_0x555556a8a5d0, 6, 1;
L_0x555556aa34a0 .functor MUXZ 32, L_0x7fa5a44c8690, L_0x555556aa3430, L_0x555556aa3120, C4<>;
L_0x555556aa3760 .part L_0x555556a8a5d0, 7, 1;
L_0x555556aa3af0 .functor MUXZ 32, L_0x7fa5a44c86d8, L_0x555556aa3a80, L_0x555556aa3760, C4<>;
L_0x555556aa3e10 .functor MUXZ 32, L_0x7fa5a44c8720, v0x555556a80f80_0, L_0x555556aa4720, C4<>;
L_0x555556aa4230 .part L_0x555556a8a5d0, 1, 1;
L_0x555556aa43e0 .part L_0x555556a8a5d0, 5, 1;
L_0x555556aa4910 .part L_0x555556a8a5d0, 0, 1;
L_0x555556aa4ac0 .part L_0x555556a8a5d0, 1, 1;
L_0x555556aa4e10 .reduce/nor L_0x555556aa0c30;
L_0x555556aa5170 .part L_0x555556a8a5d0, 4, 1;
L_0x555556aa4fc0 .part L_0x555556a8a5d0, 5, 1;
L_0x555556aa5750 .reduce/nor L_0x555556aa0500;
L_0x555556aa5d50 .part L_0x555556a8a5d0, 6, 1;
L_0x555556aa6090 .part L_0x555556a8a5d0, 7, 1;
L_0x555556aa6410 .reduce/nor L_0x555556aa0870;
L_0x555556aa6760 .arith/sum 32, v0x555556a742a0_0, L_0x7fa5a44c8768;
L_0x555556aa6bb0 .part v0x555556a81520_0, 1, 1;
L_0x555556aa6c50 .part v0x555556a81520_0, 2, 1;
L_0x555556aa6ff0 .functor MUXZ 32, L_0x555556a9c1e0, L_0x555556a9a950, L_0x555556aa6c50, C4<>;
L_0x555556aa7180 .functor MUXZ 32, L_0x555556aa6ff0, L_0x555556a9ce60, L_0x555556aa6bb0, C4<>;
L_0x555556aa7620 .arith/sum 32, v0x555556a742a0_0, L_0x555556aa7180;
L_0x555556aa7760 .part v0x555556a81520_0, 3, 1;
L_0x555556aa7b20 .functor MUXZ 32, L_0x555556a9b220, L_0x555556a9b9b0, L_0x555556aa7760, C4<>;
L_0x555556aa7c60 .arith/sum 32, v0x555556a7b5a0_0, L_0x555556aa7b20;
L_0x555556aa80d0 .part v0x555556a83500_0, 1, 1;
L_0x555556aa8170 .part v0x555556a83500_0, 0, 1;
L_0x555556aa8730 .functor MUXZ 32, L_0x555556aa7c60, v0x555556a742a0_0, L_0x555556aa6800, C4<>;
L_0x555556aa8870 .functor MUXZ 32, L_0x7fa5a44c87b0, v0x555556a812a0_0, L_0x555556a9da00, C4<>;
L_0x555556aa8d00 .functor MUXZ 32, L_0x7fa5a44c87f8, L_0x555556a9a950, L_0x555556a9e440, C4<>;
L_0x555556aa8f50 .functor MUXZ 32, L_0x7fa5a44c8840, L_0x555556aa36f0, L_0x5555569b18e0, C4<>;
L_0x555556aa9650 .functor MUXZ 32, L_0x7fa5a44c8888, L_0x555556aa7620, L_0x555556a9e7b0, C4<>;
L_0x555556aa9b10 .functor MUXZ 32, L_0x7fa5a44c88d0, L_0x555556aa6760, L_0x555556aa98f0, C4<>;
L_0x555556aaa120 .functor MUXZ 32, L_0x7fa5a44c8918, L_0x555556aad0f0, L_0x555556a9d250, C4<>;
L_0x555556aaa490 .part v0x555556a81520_0, 10, 2;
L_0x555556aaa8b0 .cmp/eq 2, L_0x555556aaa490, L_0x7fa5a44c8960;
L_0x555556aaa9f0 .part v0x555556a81520_0, 10, 2;
L_0x555556aaae20 .cmp/eq 2, L_0x555556aaa9f0, L_0x7fa5a44c89a8;
L_0x555556aaaf60 .part v0x555556a81520_0, 12, 1;
L_0x555556aab3a0 .reduce/nor L_0x555556aaaf60;
L_0x555556aab490 .part L_0x555556aae950, 7, 1;
L_0x555556aab8e0 .part L_0x555556aadce0, 15, 1;
L_0x555556aab980 .functor MUXZ 1, L_0x555556aab8e0, L_0x555556aab490, L_0x555556aaa8b0, C4<>;
LS_0x555556aabfe0_0_0 .concat [ 1 1 1 1], L_0x555556aabed0, L_0x555556aabed0, L_0x555556aabed0, L_0x555556aabed0;
LS_0x555556aabfe0_0_4 .concat [ 1 1 1 1], L_0x555556aabed0, L_0x555556aabed0, L_0x555556aabed0, L_0x555556aabed0;
LS_0x555556aabfe0_0_8 .concat [ 1 1 1 1], L_0x555556aabed0, L_0x555556aabed0, L_0x555556aabed0, L_0x555556aabed0;
LS_0x555556aabfe0_0_12 .concat [ 1 1 1 1], L_0x555556aabed0, L_0x555556aabed0, L_0x555556aabed0, L_0x555556aabed0;
LS_0x555556aabfe0_0_16 .concat [ 1 1 1 1], L_0x555556aabed0, L_0x555556aabed0, L_0x555556aabed0, L_0x555556aabed0;
LS_0x555556aabfe0_0_20 .concat [ 1 1 1 1], L_0x555556aabed0, L_0x555556aabed0, L_0x555556aabed0, L_0x555556aabed0;
LS_0x555556aabfe0_1_0 .concat [ 4 4 4 4], LS_0x555556aabfe0_0_0, LS_0x555556aabfe0_0_4, LS_0x555556aabfe0_0_8, LS_0x555556aabfe0_0_12;
LS_0x555556aabfe0_1_4 .concat [ 4 4 0 0], LS_0x555556aabfe0_0_16, LS_0x555556aabfe0_0_20;
L_0x555556aabfe0 .concat [ 16 8 0 0], LS_0x555556aabfe0_1_0, LS_0x555556aabfe0_1_4;
L_0x555556aac0d0 .concat [ 8 24 0 0], L_0x555556aae950, L_0x555556aabfe0;
LS_0x555556aac590_0_0 .concat [ 1 1 1 1], L_0x555556aabed0, L_0x555556aabed0, L_0x555556aabed0, L_0x555556aabed0;
LS_0x555556aac590_0_4 .concat [ 1 1 1 1], L_0x555556aabed0, L_0x555556aabed0, L_0x555556aabed0, L_0x555556aabed0;
LS_0x555556aac590_0_8 .concat [ 1 1 1 1], L_0x555556aabed0, L_0x555556aabed0, L_0x555556aabed0, L_0x555556aabed0;
LS_0x555556aac590_0_12 .concat [ 1 1 1 1], L_0x555556aabed0, L_0x555556aabed0, L_0x555556aabed0, L_0x555556aabed0;
L_0x555556aac590 .concat [ 4 4 4 4], LS_0x555556aac590_0_0, LS_0x555556aac590_0_4, LS_0x555556aac590_0_8, LS_0x555556aac590_0_12;
L_0x555556aaca40 .concat [ 16 16 0 0], L_0x555556aadce0, L_0x555556aac590;
L_0x555556aacf60 .functor MUXZ 32, v0x555556a898d0_0, L_0x555556aaca40, L_0x555556aaae20, C4<>;
L_0x555556aad0f0 .functor MUXZ 32, L_0x555556aacf60, L_0x555556aac0d0, L_0x555556aaa8b0, C4<>;
L_0x555556aad670 .part L_0x555556aa7c60, 1, 1;
L_0x555556aad710 .part v0x555556a898d0_0, 16, 16;
L_0x555556aadbb0 .part v0x555556a898d0_0, 0, 16;
L_0x555556aadce0 .functor MUXZ 16, L_0x555556aadbb0, L_0x555556aad710, L_0x555556aad670, C4<>;
L_0x555556aae230 .part L_0x555556aa7c60, 0, 1;
L_0x555556aae360 .part L_0x555556aadce0, 8, 8;
L_0x555556aae8b0 .part L_0x555556aadce0, 0, 8;
L_0x555556aae950 .functor MUXZ 8, L_0x555556aae8b0, L_0x555556aae360, L_0x555556aae230, C4<>;
L_0x555556aae4e0 .part v0x555556a83420_0, 0, 8;
L_0x555556aae5d0 .part L_0x555556aa7c60, 0, 1;
L_0x555556aae670 .part v0x555556a83420_0, 0, 8;
L_0x555556aae710 .part v0x555556a83420_0, 8, 8;
L_0x555556aaee40 .functor MUXZ 8, L_0x555556aae710, L_0x555556aae670, L_0x555556aae5d0, C4<>;
L_0x555556aaef30 .part L_0x555556aa7c60, 1, 1;
L_0x555556aae9f0 .part v0x555556a83420_0, 0, 8;
L_0x555556aaea90 .part v0x555556a83420_0, 16, 8;
L_0x555556aaeb30 .functor MUXZ 8, L_0x555556aaea90, L_0x555556aae9f0, L_0x555556aaef30, C4<>;
L_0x555556aaecc0 .concat8 [ 8 8 8 8], L_0x555556aae4e0, L_0x555556aaee40, L_0x555556aaeb30, L_0x555556aaf990;
L_0x555556aaefd0 .part L_0x555556aa7c60, 0, 1;
L_0x555556aaf070 .part v0x555556a83420_0, 0, 8;
L_0x555556aaf110 .part L_0x555556aa7c60, 1, 1;
L_0x555556aaf1b0 .part v0x555556a83420_0, 8, 8;
L_0x555556aaf250 .part v0x555556a83420_0, 24, 8;
L_0x555556aaf2f0 .functor MUXZ 8, L_0x555556aaf250, L_0x555556aaf1b0, L_0x555556aaf110, C4<>;
L_0x555556aaf990 .functor MUXZ 8, L_0x555556aaf2f0, L_0x555556aaf070, L_0x555556aaefd0, C4<>;
L_0x555556aafb70 .part L_0x555556aa7c60, 1, 1;
L_0x555556aaf490 .part L_0x555556aa7c60, 0, 1;
L_0x555556aaf530 .functor MUXZ 4, L_0x7fa5a44c8a38, L_0x7fa5a44c89f0, L_0x555556aaf490, C4<>;
L_0x555556aaf6c0 .part L_0x555556aa7c60, 0, 1;
L_0x555556aaf760 .functor MUXZ 4, L_0x7fa5a44c8ac8, L_0x7fa5a44c8a80, L_0x555556aaf6c0, C4<>;
L_0x555556ab00f0 .functor MUXZ 4, L_0x555556aaf760, L_0x555556aaf530, L_0x555556aafb70, C4<>;
L_0x555556ab0230 .part L_0x555556aa7c60, 1, 1;
L_0x555556aafc10 .functor MUXZ 4, L_0x7fa5a44c8b58, L_0x7fa5a44c8b10, L_0x555556ab0230, C4<>;
L_0x555556aafda0 .functor MUXZ 4, L_0x7fa5a44c8ba0, L_0x555556aafc10, L_0x555556aaae20, C4<>;
L_0x555556aafee0 .functor MUXZ 4, L_0x555556aafda0, L_0x555556ab00f0, L_0x555556aaa8b0, C4<>;
L_0x555556ab0900 .part v0x555556a83500_0, 2, 1;
L_0x555556ab02d0 .part v0x555556a83500_0, 3, 1;
L_0x555556ab0680 .part v0x555556a83500_0, 2, 1;
L_0x555556ab1010 .part v0x555556a83500_0, 0, 1;
L_0x555556ab1170 .part v0x555556a83500_0, 2, 1;
L_0x555556ab0bc0 .concat [ 1 1 1 1], L_0x555556ab09a0, L_0x555556ab09a0, L_0x555556ab09a0, L_0x555556ab09a0;
L_0x555556ab0e00 .part v0x555556a83500_0, 2, 1;
S_0x5555569f9ac0 .scope module, "uart_unit" "uart_ip" 3 80, 8 1 0, S_0x55555696dab0;
 .timescale 0 0;
    .port_info 0 /INPUT 1 "clk";
    .port_info 1 /INPUT 1 "rst";
    .port_info 2 /INPUT 32 "waddr";
    .port_info 3 /INPUT 32 "wdata";
    .port_info 4 /INPUT 1 "wen";
    .port_info 5 /INPUT 4 "wstrb";
    .port_info 6 /OUTPUT 1 "wready";
    .port_info 7 /INPUT 32 "raddr";
    .port_info 8 /INPUT 1 "ren";
    .port_info 9 /OUTPUT 32 "rdata";
    .port_info 10 /OUTPUT 1 "rvalid";
    .port_info 11 /OUTPUT 1 "o_uart_tx";
P_0x555556a83960 .param/l "ADDR_W" 0 8 2, +C4<00000000000000000000000000100000>;
P_0x555556a839a0 .param/l "DATA_W" 0 8 3, +C4<00000000000000000000000000100000>;
P_0x555556a839e0 .param/l "STRB_W" 0 8 4, +C4<00000000000000000000000000000100>;
L_0x555556ab45b0 .functor AND 1, L_0x555556ab44e0, v0x555556a877e0_0, C4<1>, C4<1>;
v0x555556a879b0_0 .net *"_ivl_1", 0 0, L_0x555556ab44e0;  1 drivers
v0x555556a87a90_0 .net "clk", 0 0, v0x555556a89ee0_0;  alias, 1 drivers
v0x555556a87b50_0 .net "csr_u_ctrl_start_out", 0 0, L_0x555556ab4270;  1 drivers
v0x555556a87c20_0 .net "csr_u_data_data_out", 7 0, L_0x555556ab3600;  1 drivers
v0x555556a87cc0_0 .net "o_ready", 0 0, v0x555556a877e0_0;  1 drivers
v0x555556a87e00_0 .var "o_ready_reg", 0 0;
v0x555556a87ea0_0 .net "o_uart_tx", 0 0, L_0x555556ab4980;  alias, 1 drivers
v0x555556a87f40_0 .net "raddr", 31 0, L_0x555556ab5240;  1 drivers
v0x555556a87fe0_0 .net "rdata", 31 0, L_0x555556ab4340;  alias, 1 drivers
v0x555556a88110_0 .net "ren", 0 0, L_0x555556ab5020;  1 drivers
v0x555556a881b0_0 .net "rst", 0 0, L_0x555556ab4a90;  1 drivers
v0x555556a88250_0 .net "rvalid", 0 0, L_0x555556ab43b0;  1 drivers
v0x555556a882f0_0 .net "waddr", 31 0, L_0x555556ab4dd0;  1 drivers
v0x555556a883c0_0 .net "wdata", 31 0, L_0x555556aaecc0;  alias, 1 drivers
v0x555556a884f0_0 .net "wen", 0 0, L_0x555556ab5090;  1 drivers
L_0x7fa5a44c9140 .functor BUFT 1, C4<1>, C4<0>, C4<0>, C4<0>;
v0x555556a885c0_0 .net "wready", 0 0, L_0x7fa5a44c9140;  1 drivers
v0x555556a88690_0 .net "wstrb", 3 0, L_0x555556ab0d40;  alias, 1 drivers
L_0x555556ab44e0 .reduce/nor v0x555556a87e00_0;
S_0x555556a094f0 .scope module, "uart_regs_interface_u0" "regs_uart" 8 38, 9 3 0, S_0x5555569f9ac0;
 .timescale 0 0;
    .port_info 0 /INPUT 1 "clk";
    .port_info 1 /INPUT 1 "rst";
    .port_info 2 /OUTPUT 8 "csr_u_data_data_out";
    .port_info 3 /INPUT 1 "csr_u_stat_ready_in";
    .port_info 4 /INPUT 1 "csr_u_stat_tx_done_in";
    .port_info 5 /OUTPUT 1 "csr_u_ctrl_start_out";
    .port_info 6 /INPUT 32 "waddr";
    .port_info 7 /INPUT 32 "wdata";
    .port_info 8 /INPUT 1 "wen";
    .port_info 9 /INPUT 4 "wstrb";
    .port_info 10 /OUTPUT 1 "wready";
    .port_info 11 /INPUT 32 "raddr";
    .port_info 12 /INPUT 1 "ren";
    .port_info 13 /OUTPUT 32 "rdata";
    .port_info 14 /OUTPUT 1 "rvalid";
P_0x555556a83cc0 .param/l "ADDR_W" 0 9 4, +C4<00000000000000000000000000100000>;
P_0x555556a83d00 .param/l "DATA_W" 0 9 5, +C4<00000000000000000000000000100000>;
P_0x555556a83d40 .param/l "STRB_W" 0 9 6, +C4<00000000000000000000000000000100>;
L_0x555556ab30f0 .functor AND 1, L_0x555556ab5090, L_0x555556ab3000, C4<1>, C4<1>;
L_0x555556ab3340 .functor AND 1, L_0x555556ab5020, L_0x555556ab3200, C4<1>, C4<1>;
L_0x555556ab3540 .functor BUFZ 8, v0x555556a85570_0, C4<00000000>, C4<00000000>, C4<00000000>;
L_0x555556ab3600 .functor BUFZ 8, v0x555556a85570_0, C4<00000000>, C4<00000000>, C4<00000000>;
L_0x555556ab37e0 .functor AND 1, L_0x555556ab5090, L_0x555556ab36c0, C4<1>, C4<1>;
L_0x555556ab3990 .functor AND 1, L_0x555556ab5020, L_0x555556ab38a0, C4<1>, C4<1>;
L_0x555556ab3f60 .functor AND 1, L_0x555556ab5090, L_0x555556ab3e30, C4<1>, C4<1>;
L_0x555556ab4270 .functor BUFZ 1, v0x555556a85330_0, C4<0>, C4<0>, C4<0>;
L_0x555556ab4340 .functor BUFZ 32, v0x555556a86230_0, C4<00000000000000000000000000000000>, C4<00000000000000000000000000000000>, C4<00000000000000000000000000000000>;
L_0x555556ab43b0 .functor BUFZ 1, v0x555556a86550_0, C4<0>, C4<0>, C4<0>;
L_0x7fa5a44c8e70 .functor BUFT 1, C4<00000000000000000000000000000000>, C4<0>, C4<0>, C4<0>;
v0x555556a84050_0 .net/2u *"_ivl_10", 31 0, L_0x7fa5a44c8e70;  1 drivers
v0x555556a84150_0 .net *"_ivl_12", 0 0, L_0x555556ab3200;  1 drivers
L_0x7fa5a44c8de0 .functor BUFT 1, C4<000000000000000000000000>, C4<0>, C4<0>, C4<0>;
v0x555556a84210_0 .net/2u *"_ivl_2", 23 0, L_0x7fa5a44c8de0;  1 drivers
v0x555556a84300_0 .net *"_ivl_20", 7 0, L_0x555556ab3540;  1 drivers
L_0x7fa5a44c8eb8 .functor BUFT 1, C4<00000>, C4<0>, C4<0>, C4<0>;
v0x555556a843e0_0 .net/2u *"_ivl_25", 4 0, L_0x7fa5a44c8eb8;  1 drivers
L_0x7fa5a44c8f00 .functor BUFT 1, C4<0000000>, C4<0>, C4<0>, C4<0>;
v0x555556a84510_0 .net/2u *"_ivl_29", 6 0, L_0x7fa5a44c8f00;  1 drivers
L_0x7fa5a44c8f48 .functor BUFT 1, C4<000000000000000000>, C4<0>, C4<0>, C4<0>;
v0x555556a845f0_0 .net/2u *"_ivl_33", 17 0, L_0x7fa5a44c8f48;  1 drivers
L_0x7fa5a44c8f90 .functor BUFT 1, C4<00000000000000000000000000000100>, C4<0>, C4<0>, C4<0>;
v0x555556a846d0_0 .net/2u *"_ivl_35", 31 0, L_0x7fa5a44c8f90;  1 drivers
v0x555556a847b0_0 .net *"_ivl_37", 0 0, L_0x555556ab36c0;  1 drivers
L_0x7fa5a44c8e28 .functor BUFT 1, C4<00000000000000000000000000000000>, C4<0>, C4<0>, C4<0>;
v0x555556a84870_0 .net/2u *"_ivl_4", 31 0, L_0x7fa5a44c8e28;  1 drivers
L_0x7fa5a44c8fd8 .functor BUFT 1, C4<00000000000000000000000000000100>, C4<0>, C4<0>, C4<0>;
v0x555556a84950_0 .net/2u *"_ivl_41", 31 0, L_0x7fa5a44c8fd8;  1 drivers
v0x555556a84a30_0 .net *"_ivl_43", 0 0, L_0x555556ab38a0;  1 drivers
v0x555556a84af0_0 .net *"_ivl_50", 0 0, v0x555556a85b30_0;  1 drivers
v0x555556a84bd0_0 .net *"_ivl_55", 0 0, v0x555556a85e30_0;  1 drivers
L_0x7fa5a44c9020 .functor BUFT 1, C4<000000000>, C4<0>, C4<0>, C4<0>;
v0x555556a84cb0_0 .net/2u *"_ivl_58", 8 0, L_0x7fa5a44c9020;  1 drivers
v0x555556a84d90_0 .net *"_ivl_6", 0 0, L_0x555556ab3000;  1 drivers
L_0x7fa5a44c9068 .functor BUFT 1, C4<0000000000000000000000>, C4<0>, C4<0>, C4<0>;
v0x555556a84e50_0 .net/2u *"_ivl_62", 21 0, L_0x7fa5a44c9068;  1 drivers
L_0x7fa5a44c90b0 .functor BUFT 1, C4<00000000000000000000000000001000>, C4<0>, C4<0>, C4<0>;
v0x555556a84f30_0 .net/2u *"_ivl_64", 31 0, L_0x7fa5a44c90b0;  1 drivers
v0x555556a85010_0 .net *"_ivl_66", 0 0, L_0x555556ab3e30;  1 drivers
L_0x7fa5a44c90f8 .functor BUFT 1, C4<0>, C4<0>, C4<0>, C4<0>;
v0x555556a850d0_0 .net/2u *"_ivl_73", 0 0, L_0x7fa5a44c90f8;  1 drivers
v0x555556a851b0_0 .net "clk", 0 0, v0x555556a89ee0_0;  alias, 1 drivers
v0x555556a85250_0 .net "csr_u_ctrl_rdata", 31 0, L_0x555556ab4060;  1 drivers
v0x555556a85330_0 .var "csr_u_ctrl_start_ff", 0 0;
v0x555556a853f0_0 .net "csr_u_ctrl_start_out", 0 0, L_0x555556ab4270;  alias, 1 drivers
v0x555556a854b0_0 .net "csr_u_ctrl_wen", 0 0, L_0x555556ab3f60;  1 drivers
v0x555556a85570_0 .var "csr_u_data_data_ff", 7 0;
v0x555556a85650_0 .net "csr_u_data_data_out", 7 0, L_0x555556ab3600;  alias, 1 drivers
v0x555556a85730_0 .net "csr_u_data_rdata", 31 0, L_0x555556ab3450;  1 drivers
v0x555556a85810_0 .net "csr_u_data_ren", 0 0, L_0x555556ab3340;  1 drivers
v0x555556a858d0_0 .var "csr_u_data_ren_ff", 0 0;
v0x555556a85990_0 .net "csr_u_data_wen", 0 0, L_0x555556ab30f0;  1 drivers
v0x555556a85a50_0 .net "csr_u_stat_rdata", 31 0, L_0x555556ab3b00;  1 drivers
v0x555556a85b30_0 .var "csr_u_stat_ready_ff", 0 0;
v0x555556a85bf0_0 .net "csr_u_stat_ready_in", 0 0, v0x555556a877e0_0;  alias, 1 drivers
v0x555556a85cb0_0 .net "csr_u_stat_ren", 0 0, L_0x555556ab3990;  1 drivers
v0x555556a85d70_0 .var "csr_u_stat_ren_ff", 0 0;
v0x555556a85e30_0 .var "csr_u_stat_tx_done_ff", 0 0;
v0x555556a85ef0_0 .net "csr_u_stat_tx_done_in", 0 0, L_0x555556ab45b0;  1 drivers
v0x555556a85fb0_0 .net "csr_u_stat_wen", 0 0, L_0x555556ab37e0;  1 drivers
v0x555556a86070_0 .net "raddr", 31 0, L_0x555556ab5240;  alias, 1 drivers
v0x555556a86150_0 .net "rdata", 31 0, L_0x555556ab4340;  alias, 1 drivers
v0x555556a86230_0 .var "rdata_ff", 31 0;
v0x555556a86310_0 .net "ren", 0 0, L_0x555556ab5020;  alias, 1 drivers
v0x555556a863d0_0 .net "rst", 0 0, L_0x555556ab4a90;  alias, 1 drivers
v0x555556a86490_0 .net "rvalid", 0 0, L_0x555556ab43b0;  alias, 1 drivers
v0x555556a86550_0 .var "rvalid_ff", 0 0;
v0x555556a86610_0 .net "waddr", 31 0, L_0x555556ab4dd0;  alias, 1 drivers
v0x555556a866f0_0 .net "wdata", 31 0, L_0x555556aaecc0;  alias, 1 drivers
v0x555556a867b0_0 .net "wen", 0 0, L_0x555556ab5090;  alias, 1 drivers
v0x555556a86870_0 .net "wready", 0 0, L_0x7fa5a44c9140;  alias, 1 drivers
v0x555556a86930_0 .net "wstrb", 3 0, L_0x555556ab0d40;  alias, 1 drivers
L_0x555556ab3000 .cmp/eq 32, L_0x555556ab4dd0, L_0x7fa5a44c8e28;
L_0x555556ab3200 .cmp/eq 32, L_0x555556ab5240, L_0x7fa5a44c8e70;
L_0x555556ab3450 .concat8 [ 8 24 0 0], L_0x555556ab3540, L_0x7fa5a44c8de0;
L_0x555556ab36c0 .cmp/eq 32, L_0x555556ab4dd0, L_0x7fa5a44c8f90;
L_0x555556ab38a0 .cmp/eq 32, L_0x555556ab5240, L_0x7fa5a44c8fd8;
LS_0x555556ab3b00_0_0 .concat8 [ 5 1 7 1], L_0x7fa5a44c8eb8, v0x555556a85b30_0, L_0x7fa5a44c8f00, v0x555556a85e30_0;
LS_0x555556ab3b00_0_4 .concat8 [ 18 0 0 0], L_0x7fa5a44c8f48;
L_0x555556ab3b00 .concat8 [ 14 18 0 0], LS_0x555556ab3b00_0_0, LS_0x555556ab3b00_0_4;
L_0x555556ab3e30 .cmp/eq 32, L_0x555556ab4dd0, L_0x7fa5a44c90b0;
L_0x555556ab4060 .concat8 [ 9 1 22 0], L_0x7fa5a44c9020, L_0x7fa5a44c90f8, L_0x7fa5a44c9068;
S_0x555556a0e7a0 .scope module, "uart_transmitter_u1" "uart_tx" 8 59, 10 10 0, S_0x5555569f9ac0;
 .timescale 0 0;
    .port_info 0 /INPUT 1 "i_clk";
    .port_info 1 /INPUT 1 "i_rst";
    .port_info 2 /INPUT 8 "i_data";
    .port_info 3 /INPUT 1 "i_valid";
    .port_info 4 /OUTPUT 1 "o_ready";
    .port_info 5 /OUTPUT 1 "o_uart_tx";
P_0x555556a61eb0 .param/l "START_VALUE" 1 10 27, +C4<0000000000000000000000000000000000000000000000000000001101100100>;
P_0x555556a61ef0 .param/l "WIDTH" 1 10 29, +C4<00000000000000000000000000001010>;
P_0x555556a61f30 .param/l "baud_rate" 0 10 13, +C4<00000000000000011100001000000000>;
P_0x555556a61f70 .param/l "clk_freq_hz" 0 10 12, +C4<0000000000000000000000000000000000000101111101011110000100000000>;
L_0x555556ab4980 .functor OR 1, L_0x555556ab46a0, L_0x555556ab4890, C4<0>, C4<0>;
v0x555556a86fd0_0 .net *"_ivl_1", 0 0, L_0x555556ab46a0;  1 drivers
v0x555556a870b0_0 .net *"_ivl_3", 0 0, L_0x555556ab4770;  1 drivers
v0x555556a87170_0 .net *"_ivl_5", 0 0, L_0x555556ab4890;  1 drivers
v0x555556a87240_0 .var "cnt", 10 0;
v0x555556a87320_0 .var "data", 9 0;
v0x555556a87450_0 .net "i_clk", 0 0, v0x555556a89ee0_0;  alias, 1 drivers
v0x555556a874f0_0 .net "i_data", 7 0, L_0x555556ab3600;  alias, 1 drivers
v0x555556a875b0_0 .net "i_rst", 0 0, L_0x555556ab4a90;  alias, 1 drivers
v0x555556a87680_0 .net "i_valid", 0 0, L_0x555556ab4270;  alias, 1 drivers
v0x555556a877e0_0 .var "o_ready", 0 0;
v0x555556a878b0_0 .net "o_uart_tx", 0 0, L_0x555556ab4980;  alias, 1 drivers
L_0x555556ab46a0 .part v0x555556a87320_0, 0, 1;
L_0x555556ab4770 .reduce/or v0x555556a87320_0;
L_0x555556ab4890 .reduce/nor L_0x555556ab4770;
    .scope S_0x555556a53190;
T_0 ;
    %pushi/vec4 0, 0, 32;
    %store/vec4 v0x555556a482a0_0, 0, 32;
T_0.0 ;
    %load/vec4 v0x555556a482a0_0;
    %cmpi/s 1024, 0, 32;
    %jmp/0xz T_0.1, 5;
    %pushi/vec4 0, 0, 32;
    %ix/getv/s 4, v0x555556a482a0_0;
    %store/vec4a v0x555556a426b0, 4, 0;
    %load/vec4 v0x555556a482a0_0;
    %addi 1, 0, 32;
    %store/vec4 v0x555556a482a0_0, 0, 32;
    %jmp T_0.0;
T_0.1 ;
    %vpi_call 4 19 "$readmemh", P_0x555556a61bf0, v0x555556a426b0 {0 0 0};
    %end;
    .thread T_0;
    .scope S_0x555556a53190;
T_1 ;
    %wait E_0x5555569f6a90;
    %load/vec4 v0x555556a70aa0_0;
    %parti/s 1, 0, 2;
    %flag_set/vec4 8;
    %jmp/0xz  T_1.0, 8;
    %load/vec4 v0x555556a709c0_0;
    %parti/s 8, 0, 2;
    %ix/getv 3, v0x555556a70b80_0;
    %ix/load 4, 0, 0; Constant delay
    %assign/vec4/a/d v0x555556a426b0, 0, 4;
T_1.0 ;
    %load/vec4 v0x555556a70aa0_0;
    %parti/s 1, 1, 2;
    %flag_set/vec4 8;
    %jmp/0xz  T_1.2, 8;
    %load/vec4 v0x555556a709c0_0;
    %parti/s 8, 8, 5;
    %ix/getv 3, v0x555556a70b80_0;
    %ix/load 4, 8, 0; part off
    %ix/load 5, 0, 0; Constant delay
    %assign/vec4/a/d v0x555556a426b0, 4, 5;
T_1.2 ;
    %load/vec4 v0x555556a70aa0_0;
    %parti/s 1, 2, 3;
    %flag_set/vec4 8;
    %jmp/0xz  T_1.4, 8;
    %load/vec4 v0x555556a709c0_0;
    %parti/s 8, 16, 6;
    %ix/getv 3, v0x555556a70b80_0;
    %ix/load 4, 16, 0; part off
    %ix/load 5, 0, 0; Constant delay
    %assign/vec4/a/d v0x555556a426b0, 4, 5;
T_1.4 ;
    %load/vec4 v0x555556a70aa0_0;
    %parti/s 1, 3, 3;
    %flag_set/vec4 8;
    %jmp/0xz  T_1.6, 8;
    %load/vec4 v0x555556a709c0_0;
    %parti/s 8, 24, 6;
    %ix/getv 3, v0x555556a70b80_0;
    %ix/load 4, 24, 0; part off
    %ix/load 5, 0, 0; Constant delay
    %assign/vec4/a/d v0x555556a426b0, 4, 5;
T_1.6 ;
    %jmp T_1;
    .thread T_1;
    .scope S_0x555556a53190;
T_2 ;
    %wait E_0x5555569f6a90;
    %load/vec4 v0x55555696eeb0_0;
    %flag_set/vec4 8;
    %jmp/0xz  T_2.0, 8;
    %ix/getv 4, v0x555556a70b80_0;
    %load/vec4a v0x555556a426b0, 4;
    %assign/vec4 v0x555556a495c0_0, 0;
T_2.0 ;
    %jmp T_2;
    .thread T_2;
    .scope S_0x555556a45f50;
T_3 ;
    %wait E_0x5555569f6a90;
    %load/vec4 v0x555556a83600_0;
    %flag_set/vec4 8;
    %jmp/0xz  T_3.0, 8;
    %load/vec4 v0x555556a7b320_0;
    %pad/u 32;
    %cmpi/ne 0, 0, 32;
    %jmp/0xz  T_3.2, 4;
    %load/vec4 v0x555556a836c0_0;
    %load/vec4 v0x555556a7b320_0;
    %pad/u 7;
    %ix/vec4 3;
    %ix/load 4, 0, 0; Constant delay
    %assign/vec4/a/d v0x555556a7b400, 0, 4;
T_3.2 ;
T_3.0 ;
    %jmp T_3;
    .thread T_3;
    .scope S_0x555556a45f50;
T_4 ;
    %wait E_0x5555569f6a90;
    %load/vec4 v0x555556a81140_0;
    %flag_set/vec4 8;
    %jmp/0xz  T_4.0, 8;
    %load/vec4 v0x555556a81460_0;
    %flag_set/vec4 8;
    %jmp/0xz  T_4.2, 8;
    %load/vec4 v0x555556a80b20_0;
    %assign/vec4 v0x555556a80f80_0, 0;
    %load/vec4 v0x555556a80c00_0;
    %parti/s 5, 0, 2;
    %assign/vec4 v0x555556a81060_0, 0;
T_4.2 ;
T_4.0 ;
    %load/vec4 v0x555556a81060_0;
    %or/r;
    %flag_set/vec4 8;
    %jmp/0xz  T_4.4, 8;
    %load/vec4 v0x555556a81060_0;
    %subi 1, 0, 5;
    %assign/vec4 v0x555556a81060_0, 0;
    %load/vec4 v0x555556a81380_0;
    %parti/s 1, 1, 2;
    %flag_set/vec4 8;
    %jmp/0 T_4.6, 8;
    %load/vec4 v0x555556a80f80_0;
    %ix/load 4, 1, 0;
    %flag_set/imm 4, 0;
    %shiftl 4;
    %jmp/1 T_4.7, 8;
T_4.6 ; End of true expr.
    %load/vec4 v0x555556a81520_0;
    %parti/s 1, 28, 6;
    %load/vec4 v0x555556a80f80_0;
    %parti/s 1, 31, 6;
    %and;
    %load/vec4 v0x555556a80f80_0;
    %parti/s 31, 1, 2;
    %concat/vec4; draw_concat_vec4
    %jmp/0 T_4.7, 8;
 ; End of false expr.
    %blend;
T_4.7;
    %assign/vec4 v0x555556a80f80_0, 0;
T_4.4 ;
    %jmp T_4;
    .thread T_4;
    .scope S_0x555556a45f50;
T_5 ;
    %wait E_0x5555569f6a90;
    %load/vec4 v0x555556a7b500_0;
    %nor/r;
    %flag_set/vec4 8;
    %jmp/0xz  T_5.0, 8;
    %pushi/vec4 8, 0, 4;
    %assign/vec4 v0x555556a83500_0, 0;
    %pushi/vec4 0, 0, 32;
    %assign/vec4 v0x555556a742a0_0, 0;
    %jmp T_5.1;
T_5.0 ;
    %pushi/vec4 1, 0, 1;
    %dup/vec4;
    %load/vec4 v0x555556a83500_0;
    %parti/s 1, 1, 2;
    %cmp/u;
    %jmp/1 T_5.2, 6;
    %dup/vec4;
    %load/vec4 v0x555556a83500_0;
    %parti/s 1, 2, 3;
    %cmp/u;
    %jmp/1 T_5.3, 6;
    %dup/vec4;
    %load/vec4 v0x555556a83500_0;
    %parti/s 1, 3, 3;
    %cmp/u;
    %jmp/1 T_5.4, 6;
    %pushi/vec4 2, 0, 4;
    %assign/vec4 v0x555556a83500_0, 0;
    %jmp T_5.6;
T_5.2 ;
    %load/vec4 v0x555556a82270_0;
    %nor/r;
    %flag_set/vec4 8;
    %jmp/0xz  T_5.7, 8;
    %load/vec4 v0x555556a82330_0;
    %parti/s 5, 15, 5;
    %pad/u 7;
    %ix/vec4 4;
    %load/vec4a v0x555556a7b400, 4;
    %assign/vec4 v0x555556a7b5a0_0, 0;
    %load/vec4 v0x555556a82330_0;
    %parti/s 5, 20, 6;
    %pad/u 7;
    %ix/vec4 4;
    %load/vec4a v0x555556a7b400, 4;
    %assign/vec4 v0x555556a83420_0, 0;
    %load/vec4 v0x555556a82330_0;
    %parti/s 30, 2, 3;
    %assign/vec4 v0x555556a81520_0, 0;
    %pushi/vec4 4, 0, 4;
    %assign/vec4 v0x555556a83500_0, 0;
T_5.7 ;
    %jmp T_5.6;
T_5.3 ;
    %load/vec4 v0x555556a81a80_0;
    %flag_set/vec4 8;
    %jmp/0 T_5.9, 8;
    %load/vec4 v0x555556a80ea0_0;
    %parti/s 31, 1, 2;
    %concati/vec4 0, 0, 1;
    %jmp/1 T_5.10, 8;
T_5.9 ; End of true expr.
    %load/vec4 v0x555556a81e40_0;
    %flag_set/vec4 9;
    %jmp/0 T_5.11, 9;
    %load/vec4 v0x555556a74460_0;
    %jmp/1 T_5.12, 9;
T_5.11 ; End of true expr.
    %load/vec4 v0x555556a74380_0;
    %jmp/0 T_5.12, 9;
 ; End of false expr.
    %blend;
T_5.12;
    %jmp/0 T_5.10, 8;
 ; End of false expr.
    %blend;
T_5.10;
    %assign/vec4 v0x555556a742a0_0, 0;
    %load/vec4 v0x555556a7b1c0_0;
    %flag_set/vec4 8;
    %jmp/0 T_5.13, 8;
    %pushi/vec4 8, 0, 35;
    %jmp/1 T_5.14, 8;
T_5.13 ; End of true expr.
    %pushi/vec4 1, 0, 35;
    %jmp/0 T_5.14, 8;
 ; End of false expr.
    %blend;
T_5.14;
    %pad/s 4;
    %assign/vec4 v0x555556a83500_0, 0;
    %jmp T_5.6;
T_5.4 ;
    %load/vec4 v0x555556a80a60_0;
    %nor/r;
    %load/vec4 v0x555556a82270_0;
    %nor/r;
    %and;
    %load/vec4 v0x555556a7af30_0;
    %nor/r;
    %and;
    %flag_set/vec4 8;
    %jmp/0xz  T_5.15, 8;
    %pushi/vec4 1, 0, 4;
    %assign/vec4 v0x555556a83500_0, 0;
T_5.15 ;
    %jmp T_5.6;
T_5.6 ;
    %pop/vec4 1;
T_5.1 ;
    %jmp T_5;
    .thread T_5;
    .scope S_0x555556a45f50;
T_6 ;
    %wait E_0x5555569f6a90;
    %load/vec4 v0x555556a812a0_0;
    %addi 1, 0, 32;
    %assign/vec4 v0x555556a812a0_0, 0;
    %jmp T_6;
    .thread T_6;
    .scope S_0x555556a45f50;
T_7 ;
    %pushi/vec4 0, 0, 32;
    %store/vec4 v0x555556a812a0_0, 0, 32;
    %pushi/vec4 0, 0, 5;
    %store/vec4 v0x555556a81060_0, 0, 5;
    %pushi/vec4 0, 0, 32;
    %ix/load 4, 0, 0;
    %flag_set/imm 4, 0;
    %store/vec4a v0x555556a7b400, 4, 0;
    %end;
    .thread T_7;
    .scope S_0x555556a45b70;
T_8 ;
    %wait E_0x5555569f6a90;
    %load/vec4 v0x555556a72890_0;
    %flag_set/vec4 8;
    %jmp/0xz  T_8.0, 8;
    %pushi/vec4 0, 0, 1;
    %assign/vec4 v0x555556a723b0_0, 0;
    %jmp T_8.1;
T_8.0 ;
    %load/vec4 v0x555556a722f0_0;
    %assign/vec4 v0x555556a723b0_0, 0;
T_8.1 ;
    %jmp T_8;
    .thread T_8;
    .scope S_0x555556a45b70;
T_9 ;
    %wait E_0x5555569f6a90;
    %load/vec4 v0x555556a72890_0;
    %flag_set/vec4 8;
    %jmp/0xz  T_9.0, 8;
    %pushi/vec4 0, 0, 32;
    %assign/vec4 v0x555556a72070_0, 0;
    %jmp T_9.1;
T_9.0 ;
    %load/vec4 v0x555556a72470_0;
    %flag_set/vec4 8;
    %jmp/0xz  T_9.2, 8;
    %load/vec4 v0x555556a72e00_0;
    %parti/s 1, 0, 2;
    %flag_set/vec4 8;
    %jmp/0xz  T_9.4, 8;
    %load/vec4 v0x555556a72bb0_0;
    %parti/s 8, 0, 2;
    %ix/load 4, 0, 0;
    %ix/load 5, 0, 0;
    %flag_set/imm 4, 0;
    %assign/vec4/off/d v0x555556a72070_0, 4, 5;
T_9.4 ;
    %load/vec4 v0x555556a72e00_0;
    %parti/s 1, 1, 2;
    %flag_set/vec4 8;
    %jmp/0xz  T_9.6, 8;
    %load/vec4 v0x555556a72bb0_0;
    %parti/s 8, 8, 5;
    %ix/load 4, 8, 0;
    %ix/load 5, 0, 0;
    %flag_set/imm 4, 0;
    %assign/vec4/off/d v0x555556a72070_0, 4, 5;
T_9.6 ;
    %load/vec4 v0x555556a72e00_0;
    %parti/s 1, 2, 3;
    %flag_set/vec4 8;
    %jmp/0xz  T_9.8, 8;
    %load/vec4 v0x555556a72bb0_0;
    %parti/s 8, 16, 6;
    %ix/load 4, 16, 0;
    %ix/load 5, 0, 0;
    %flag_set/imm 4, 0;
    %assign/vec4/off/d v0x555556a72070_0, 4, 5;
T_9.8 ;
    %load/vec4 v0x555556a72e00_0;
    %parti/s 1, 3, 3;
    %flag_set/vec4 8;
    %jmp/0xz  T_9.10, 8;
    %load/vec4 v0x555556a72bb0_0;
    %parti/s 8, 24, 6;
    %ix/load 4, 24, 0;
    %ix/load 5, 0, 0;
    %flag_set/imm 4, 0;
    %assign/vec4/off/d v0x555556a72070_0, 4, 5;
T_9.10 ;
    %jmp T_9.3;
T_9.2 ;
    %load/vec4 v0x555556a72070_0;
    %assign/vec4 v0x555556a72070_0, 0;
T_9.3 ;
T_9.1 ;
    %jmp T_9;
    .thread T_9;
    .scope S_0x555556a45b70;
T_10 ;
    %wait E_0x5555569f6a90;
    %load/vec4 v0x555556a72890_0;
    %flag_set/vec4 8;
    %jmp/0xz  T_10.0, 8;
    %pushi/vec4 0, 0, 32;
    %assign/vec4 v0x555556a726f0_0, 0;
    %jmp T_10.1;
T_10.0 ;
    %load/vec4 v0x555556a727d0_0;
    %flag_set/vec4 8;
    %jmp/0xz  T_10.2, 8;
    %load/vec4 v0x555556a72530_0;
    %dup/vec4;
    %pushi/vec4 0, 0, 32;
    %cmp/u;
    %jmp/1 T_10.4, 6;
    %pushi/vec4 0, 0, 32;
    %assign/vec4 v0x555556a726f0_0, 0;
    %jmp T_10.6;
T_10.4 ;
    %load/vec4 v0x555556a72210_0;
    %assign/vec4 v0x555556a726f0_0, 0;
    %jmp T_10.6;
T_10.6 ;
    %pop/vec4 1;
    %jmp T_10.3;
T_10.2 ;
    %pushi/vec4 0, 0, 32;
    %assign/vec4 v0x555556a726f0_0, 0;
T_10.3 ;
T_10.1 ;
    %jmp T_10;
    .thread T_10;
    .scope S_0x555556a45b70;
T_11 ;
    %wait E_0x5555569f6a90;
    %load/vec4 v0x555556a72890_0;
    %flag_set/vec4 8;
    %jmp/0xz  T_11.0, 8;
    %pushi/vec4 0, 0, 1;
    %assign/vec4 v0x555556a72a10_0, 0;
    %jmp T_11.1;
T_11.0 ;
    %load/vec4 v0x555556a727d0_0;
    %load/vec4 v0x555556a72950_0;
    %and;
    %flag_set/vec4 8;
    %jmp/0xz  T_11.2, 8;
    %pushi/vec4 0, 0, 1;
    %assign/vec4 v0x555556a72a10_0, 0;
    %jmp T_11.3;
T_11.2 ;
    %load/vec4 v0x555556a727d0_0;
    %flag_set/vec4 8;
    %jmp/0xz  T_11.4, 8;
    %pushi/vec4 1, 0, 1;
    %assign/vec4 v0x555556a72a10_0, 0;
T_11.4 ;
T_11.3 ;
T_11.1 ;
    %jmp T_11;
    .thread T_11;
    .scope S_0x555556a094f0;
T_12 ;
    %wait E_0x5555569f6a90;
    %load/vec4 v0x555556a863d0_0;
    %flag_set/vec4 8;
    %jmp/0xz  T_12.0, 8;
    %pushi/vec4 0, 0, 1;
    %assign/vec4 v0x555556a858d0_0, 0;
    %jmp T_12.1;
T_12.0 ;
    %load/vec4 v0x555556a85810_0;
    %assign/vec4 v0x555556a858d0_0, 0;
T_12.1 ;
    %jmp T_12;
    .thread T_12;
    .scope S_0x555556a094f0;
T_13 ;
    %wait E_0x5555569f6a90;
    %load/vec4 v0x555556a863d0_0;
    %flag_set/vec4 8;
    %jmp/0xz  T_13.0, 8;
    %pushi/vec4 0, 0, 8;
    %assign/vec4 v0x555556a85570_0, 0;
    %jmp T_13.1;
T_13.0 ;
    %load/vec4 v0x555556a85990_0;
    %flag_set/vec4 8;
    %jmp/0xz  T_13.2, 8;
    %load/vec4 v0x555556a86930_0;
    %parti/s 1, 0, 2;
    %flag_set/vec4 8;
    %jmp/0xz  T_13.4, 8;
    %load/vec4 v0x555556a866f0_0;
    %parti/s 8, 0, 2;
    %assign/vec4 v0x555556a85570_0, 0;
T_13.4 ;
    %jmp T_13.3;
T_13.2 ;
    %load/vec4 v0x555556a85570_0;
    %assign/vec4 v0x555556a85570_0, 0;
T_13.3 ;
T_13.1 ;
    %jmp T_13;
    .thread T_13;
    .scope S_0x555556a094f0;
T_14 ;
    %wait E_0x5555569f6a90;
    %load/vec4 v0x555556a863d0_0;
    %flag_set/vec4 8;
    %jmp/0xz  T_14.0, 8;
    %pushi/vec4 0, 0, 1;
    %assign/vec4 v0x555556a85d70_0, 0;
    %jmp T_14.1;
T_14.0 ;
    %load/vec4 v0x555556a85cb0_0;
    %assign/vec4 v0x555556a85d70_0, 0;
T_14.1 ;
    %jmp T_14;
    .thread T_14;
    .scope S_0x555556a094f0;
T_15 ;
    %wait E_0x5555569f6a90;
    %load/vec4 v0x555556a863d0_0;
    %flag_set/vec4 8;
    %jmp/0xz  T_15.0, 8;
    %pushi/vec4 1, 0, 1;
    %assign/vec4 v0x555556a85b30_0, 0;
    %jmp T_15.1;
T_15.0 ;
    %load/vec4 v0x555556a85bf0_0;
    %assign/vec4 v0x555556a85b30_0, 0;
T_15.1 ;
    %jmp T_15;
    .thread T_15;
    .scope S_0x555556a094f0;
T_16 ;
    %wait E_0x5555569f6a90;
    %load/vec4 v0x555556a863d0_0;
    %flag_set/vec4 8;
    %jmp/0xz  T_16.0, 8;
    %pushi/vec4 0, 0, 1;
    %assign/vec4 v0x555556a85e30_0, 0;
    %jmp T_16.1;
T_16.0 ;
    %load/vec4 v0x555556a85cb0_0;
    %load/vec4 v0x555556a85d70_0;
    %nor/r;
    %and;
    %flag_set/vec4 8;
    %jmp/0xz  T_16.2, 8;
    %pushi/vec4 0, 0, 1;
    %assign/vec4 v0x555556a85e30_0, 0;
    %jmp T_16.3;
T_16.2 ;
    %load/vec4 v0x555556a85ef0_0;
    %assign/vec4 v0x555556a85e30_0, 0;
T_16.3 ;
T_16.1 ;
    %jmp T_16;
    .thread T_16;
    .scope S_0x555556a094f0;
T_17 ;
    %wait E_0x5555569f6a90;
    %load/vec4 v0x555556a863d0_0;
    %flag_set/vec4 8;
    %jmp/0xz  T_17.0, 8;
    %pushi/vec4 0, 0, 1;
    %assign/vec4 v0x555556a85330_0, 0;
    %jmp T_17.1;
T_17.0 ;
    %load/vec4 v0x555556a854b0_0;
    %flag_set/vec4 8;
    %jmp/0xz  T_17.2, 8;
    %load/vec4 v0x555556a86930_0;
    %parti/s 1, 1, 2;
    %flag_set/vec4 8;
    %jmp/0xz  T_17.4, 8;
    %load/vec4 v0x555556a866f0_0;
    %parti/s 1, 9, 5;
    %assign/vec4 v0x555556a85330_0, 0;
T_17.4 ;
    %jmp T_17.3;
T_17.2 ;
    %pushi/vec4 0, 0, 1;
    %assign/vec4 v0x555556a85330_0, 0;
T_17.3 ;
T_17.1 ;
    %jmp T_17;
    .thread T_17;
    .scope S_0x555556a094f0;
T_18 ;
    %wait E_0x5555569f6a90;
    %load/vec4 v0x555556a863d0_0;
    %flag_set/vec4 8;
    %jmp/0xz  T_18.0, 8;
    %pushi/vec4 0, 0, 32;
    %assign/vec4 v0x555556a86230_0, 0;
    %jmp T_18.1;
T_18.0 ;
    %load/vec4 v0x555556a86310_0;
    %flag_set/vec4 8;
    %jmp/0xz  T_18.2, 8;
    %load/vec4 v0x555556a86070_0;
    %dup/vec4;
    %pushi/vec4 0, 0, 32;
    %cmp/u;
    %jmp/1 T_18.4, 6;
    %dup/vec4;
    %pushi/vec4 4, 0, 32;
    %cmp/u;
    %jmp/1 T_18.5, 6;
    %dup/vec4;
    %pushi/vec4 8, 0, 32;
    %cmp/u;
    %jmp/1 T_18.6, 6;
    %pushi/vec4 0, 0, 32;
    %assign/vec4 v0x555556a86230_0, 0;
    %jmp T_18.8;
T_18.4 ;
    %load/vec4 v0x555556a85730_0;
    %assign/vec4 v0x555556a86230_0, 0;
    %jmp T_18.8;
T_18.5 ;
    %load/vec4 v0x555556a85a50_0;
    %assign/vec4 v0x555556a86230_0, 0;
    %jmp T_18.8;
T_18.6 ;
    %load/vec4 v0x555556a85250_0;
    %assign/vec4 v0x555556a86230_0, 0;
    %jmp T_18.8;
T_18.8 ;
    %pop/vec4 1;
    %jmp T_18.3;
T_18.2 ;
    %pushi/vec4 0, 0, 32;
    %assign/vec4 v0x555556a86230_0, 0;
T_18.3 ;
T_18.1 ;
    %jmp T_18;
    .thread T_18;
    .scope S_0x555556a094f0;
T_19 ;
    %wait E_0x5555569f6a90;
    %load/vec4 v0x555556a863d0_0;
    %flag_set/vec4 8;
    %jmp/0xz  T_19.0, 8;
    %pushi/vec4 0, 0, 1;
    %assign/vec4 v0x555556a86550_0, 0;
    %jmp T_19.1;
T_19.0 ;
    %load/vec4 v0x555556a86310_0;
    %load/vec4 v0x555556a86490_0;
    %and;
    %flag_set/vec4 8;
    %jmp/0xz  T_19.2, 8;
    %pushi/vec4 0, 0, 1;
    %assign/vec4 v0x555556a86550_0, 0;
    %jmp T_19.3;
T_19.2 ;
    %load/vec4 v0x555556a86310_0;
    %flag_set/vec4 8;
    %jmp/0xz  T_19.4, 8;
    %pushi/vec4 1, 0, 1;
    %assign/vec4 v0x555556a86550_0, 0;
T_19.4 ;
T_19.3 ;
T_19.1 ;
    %jmp T_19;
    .thread T_19;
    .scope S_0x555556a0e7a0;
T_20 ;
    %vpi_call 10 23 "$dumpfile", "wave.vcd" {0 0 0};
    %vpi_call 10 24 "$dumpvars" {0 0 0};
    %end;
    .thread T_20;
    .scope S_0x555556a0e7a0;
T_21 ;
    %wait E_0x5555569f6a90;
    %load/vec4 v0x555556a875b0_0;
    %flag_set/vec4 8;
    %jmp/0xz  T_21.0, 8;
    %pushi/vec4 0, 0, 11;
    %assign/vec4 v0x555556a87240_0, 0;
    %pushi/vec4 0, 0, 10;
    %assign/vec4 v0x555556a87320_0, 0;
    %jmp T_21.1;
T_21.0 ;
    %load/vec4 v0x555556a87240_0;
    %parti/s 1, 10, 5;
    %load/vec4 v0x555556a87320_0;
    %or/r;
    %nor/r;
    %and;
    %flag_set/vec4 8;
    %jmp/0xz  T_21.2, 8;
    %pushi/vec4 1, 0, 1;
    %assign/vec4 v0x555556a877e0_0, 0;
    %jmp T_21.3;
T_21.2 ;
    %load/vec4 v0x555556a87680_0;
    %load/vec4 v0x555556a877e0_0;
    %and;
    %flag_set/vec4 8;
    %jmp/0xz  T_21.4, 8;
    %pushi/vec4 0, 0, 1;
    %assign/vec4 v0x555556a877e0_0, 0;
T_21.4 ;
T_21.3 ;
    %load/vec4 v0x555556a877e0_0;
    %load/vec4 v0x555556a87240_0;
    %parti/s 1, 10, 5;
    %or;
    %flag_set/vec4 8;
    %jmp/0xz  T_21.6, 8;
    %pushi/vec4 868, 0, 11;
    %assign/vec4 v0x555556a87240_0, 0;
    %jmp T_21.7;
T_21.6 ;
    %load/vec4 v0x555556a87240_0;
    %subi 1, 0, 11;
    %assign/vec4 v0x555556a87240_0, 0;
T_21.7 ;
    %load/vec4 v0x555556a87240_0;
    %parti/s 1, 10, 5;
    %flag_set/vec4 8;
    %jmp/0xz  T_21.8, 8;
    %pushi/vec4 0, 0, 1;
    %load/vec4 v0x555556a87320_0;
    %parti/s 9, 1, 2;
    %concat/vec4; draw_concat_vec4
    %assign/vec4 v0x555556a87320_0, 0;
    %jmp T_21.9;
T_21.8 ;
    %load/vec4 v0x555556a87680_0;
    %load/vec4 v0x555556a877e0_0;
    %and;
    %flag_set/vec4 8;
    %jmp/0xz  T_21.10, 8;
    %pushi/vec4 1, 0, 1;
    %load/vec4 v0x555556a874f0_0;
    %concat/vec4; draw_concat_vec4
    %concati/vec4 0, 0, 1;
    %assign/vec4 v0x555556a87320_0, 0;
T_21.10 ;
T_21.9 ;
T_21.1 ;
    %jmp T_21;
    .thread T_21;
    .scope S_0x5555569f9ac0;
T_22 ;
    %wait E_0x5555569f6a90;
    %load/vec4 v0x555556a87cc0_0;
    %assign/vec4 v0x555556a87e00_0, 0;
    %jmp T_22;
    .thread T_22;
    .scope S_0x55555696dab0;
T_23 ;
    %wait E_0x555556985cb0;
    %pushi/vec4 0, 0, 32;
    %store/vec4 v0x555556a898d0_0, 0, 32;
    %load/vec4 v0x555556a89d70_0;
    %load/vec4 v0x555556a89ca0_0;
    %concat/vec4; draw_concat_vec4
    %load/vec4 v0x555556a89bd0_0;
    %concat/vec4; draw_concat_vec4
    %dup/vec4;
    %pushi/vec4 1, 0, 3;
    %cmp/u;
    %jmp/1 T_23.0, 6;
    %dup/vec4;
    %pushi/vec4 2, 0, 3;
    %cmp/u;
    %jmp/1 T_23.1, 6;
    %dup/vec4;
    %pushi/vec4 4, 0, 3;
    %cmp/u;
    %jmp/1 T_23.2, 6;
    %jmp T_23.3;
T_23.0 ;
    %load/vec4 v0x555556a894c0_0;
    %store/vec4 v0x555556a898d0_0, 0, 32;
    %jmp T_23.3;
T_23.1 ;
    %load/vec4 v0x555556a899c0_0;
    %store/vec4 v0x555556a898d0_0, 0, 32;
    %jmp T_23.3;
T_23.2 ;
    %load/vec4 v0x555556a89a90_0;
    %store/vec4 v0x555556a898d0_0, 0, 32;
    %jmp T_23.3;
T_23.3 ;
    %pop/vec4 1;
    %jmp T_23;
    .thread T_23, $push;
    .scope S_0x5555569f73e0;
T_24 ;
    %delay 5, 0;
    %load/vec4 v0x555556a89ee0_0;
    %inv;
    %store/vec4 v0x555556a89ee0_0, 0, 1;
    %jmp T_24;
    .thread T_24;
    .scope S_0x5555569f73e0;
T_25 ;
    %vpi_call 2 17 "$dumpfile", "tb_processor.vcd" {0 0 0};
    %vpi_call 2 18 "$dumpvars", 32'sb00000000000000000000000000000000, S_0x5555569f73e0 {0 0 0};
    %end;
    .thread T_25;
    .scope S_0x5555569f73e0;
T_26 ;
    %delay 1, 0;
    %pushi/vec4 1, 1, 1;
    %assign/vec4 v0x555556a89fa0_0, 0;
    %pushi/vec4 1, 1, 1;
    %assign/vec4 v0x555556a89ee0_0, 0;
    %delay 30, 0;
    %pushi/vec4 1, 0, 1;
    %assign/vec4 v0x555556a89fa0_0, 0;
    %delay 30, 0;
    %pushi/vec4 0, 0, 1;
    %assign/vec4 v0x555556a89fa0_0, 0;
    %pushi/vec4 0, 0, 1;
    %assign/vec4 v0x555556a89ee0_0, 0;
    %pushi/vec4 5, 0, 32;
T_26.0 %dup/vec4;
    %pushi/vec4 0, 0, 32;
    %cmp/s;
    %jmp/1xz T_26.1, 5;
    %jmp/1 T_26.1, 4;
    %pushi/vec4 1, 0, 32;
    %sub;
    %wait E_0x5555569f6a90;
    %jmp T_26.0;
T_26.1 ;
    %pop/vec4 1;
    %pushi/vec4 1, 0, 1;
    %assign/vec4 v0x555556a89fa0_0, 0;
    %wait E_0x5555569f6a90;
    %pushi/vec4 20000, 0, 32;
T_26.2 %dup/vec4;
    %pushi/vec4 0, 0, 32;
    %cmp/s;
    %jmp/1xz T_26.3, 5;
    %jmp/1 T_26.3, 4;
    %pushi/vec4 1, 0, 32;
    %sub;
    %wait E_0x5555569f6a90;
    %jmp T_26.2;
T_26.3 ;
    %pop/vec4 1;
    %vpi_call 2 29 "$finish", 32'sb00000000000000000000000000000010 {0 0 0};
    %end;
    .thread T_26;
# The file index is used to find the file name in the following table.
:file_names 11;
    "N/A";
    "<interactive>";
    "tb_processor.v";
    "src/top.v";
    "src/Memory.v";
    "src/device_select.v";
    "src/gpio_ip.v";
    "src/femtorv32_quark.v";
    "src/uart_ip.v";
    "src/regs_uart.v";
    "src/uart_tx.v";
